#
# There is insufficient memory for the Java Runtime Environment to continue.
# Native memory allocation (mmap) failed to map 132120576 bytes for G1 virtual space
# Possible reasons:
#   The system is out of physical RAM or swap space
#   The process is running with CompressedOops enabled, and the Java Heap may be blocking the growth of the native heap
# Possible solutions:
#   Reduce memory load on the system
#   Increase physical memory or swap space
#   Check if swap backing store is full
#   Decrease Java heap size (-Xmx/-Xms)
#   Decrease number of Java threads
#   Decrease Java thread stack sizes (-Xss)
#   Set larger code cache with -XX:ReservedCodeCacheSize=
#   JVM is running with Unscaled Compressed Oops mode in which the Java heap is
#     placed in the first 4GB address space. The Java Heap base address is the
#     maximum limit for the native heap growth. Please use -XX:HeapBaseMinAddress
#     to set the Java Heap base and to place the Java Heap above 4GB virtual address.
# This output file may be truncated or incomplete.
#
#  Out of Memory Error (os_windows.cpp:3536), pid=5092, tid=5760
#
# JRE version:  (19.0.2+7) (build )
# Java VM: OpenJDK 64-Bit Server VM (19.0.2+7-44, mixed mode, sharing, tiered, compressed oops, compressed class ptrs, g1 gc, windows-amd64)
# No core dump will be written. Minidumps are not enabled by default on client versions of Windows
#

---------------  S U M M A R Y ------------

Command Line: -Dfile.encoding=UTF-8 J:\temp\surefire4780745644543734927\surefirebooter13948035073905474387.jar J:\temp\surefire4780745644543734927 2024-06-04T16-01-39_841-jvmRun1 surefire4154820048110807898tmp surefire_01319803461256448935tmp

Host: Intel(R) Pentium(R) CPU G3258 @ 3.20GHz, 2 cores, 7G,  Windows 10 , 64 bit Build 14393 (10.0.14393.0)
Time: Tue Jun  4 16:01:40 2024 RTZ 2 (зима) elapsed time: 0.012414 seconds (0d 0h 0m 0s)

---------------  T H R E A D  ---------------

Current thread (0x0000013a9f08c800):  JavaThread "Unknown thread" [_thread_in_vm, id=5760, stack(0x0000000271a00000,0x0000000271b00000)]

Stack: [0x0000000271a00000,0x0000000271b00000]
Native frames: (J=compiled Java code, j=interpreted, Vv=VM code, C=native code)
V  [jvm.dll+0x6ee21a]
V  [jvm.dll+0x85765e]
V  [jvm.dll+0x85904e]
V  [jvm.dll+0x859703]
V  [jvm.dll+0x28298f]
V  [jvm.dll+0x6eb009]
V  [jvm.dll+0x6dfbaa]
V  [jvm.dll+0x3573f6]
V  [jvm.dll+0x35ee56]
V  [jvm.dll+0x3b541e]
V  [jvm.dll+0x3b564f]
V  [jvm.dll+0x32c9ea]
V  [jvm.dll+0x32d89e]
V  [jvm.dll+0x821780]
V  [jvm.dll+0x3c2661]
V  [jvm.dll+0x801f51]
V  [jvm.dll+0x44ae8f]
V  [jvm.dll+0x44c811]
C  [jli.dll+0x5287]
C  [ucrtbase.dll+0x1cab0]
C  [KERNEL32.DLL+0x8364]
C  [ntdll.dll+0x65e91]


---------------  P R O C E S S  ---------------

Threads class SMR info:
_java_thread_list=0x00007ffcf510d048, length=0, elements={
}

Java Threads: ( => current thread )

Other Threads:
  0x0000013a9f0ec110 WorkerThread "GC Thread#0" [stack: 0x0000000271b00000,0x0000000271c00000] [id=4676]
  0x0000013a9f0fcc70 ConcurrentGCThread "G1 Main Marker" [stack: 0x0000000271c00000,0x0000000271d00000] [id=1072]
  0x0000013a9f0fd840 WorkerThread "G1 Conc#0" [stack: 0x0000000271d00000,0x0000000271e00000] [id=6120]

[error occurred during error reporting (printing all threads), id 0xc0000005, EXCEPTION_ACCESS_VIOLATION (0xc0000005) at pc=0x00007ffcf48cd427]

VM state: not at safepoint (not fully initialized)

VM Mutex/Monitor currently owned by a thread:  ([mutex/lock_event])
[0x0000013a9f0883a0] Heap_lock - owner thread: 0x0000013a9f08c800

Heap address: 0x0000000082000000, size: 2016 MB, Compressed Oops mode: 32-bit

CDS archive(s) mapped at: [0x0000000000000000-0x0000000000000000-0x0000000000000000), size 0, SharedBaseAddress: 0x0000000800000000, ArchiveRelocationMode: 0.
Narrow klass base: 0x0000000000000000, Narrow klass shift: 0, Narrow klass range: 0x0

GC Precious Log:
 CardTable entry size: 512
 Card Set container configuration: InlinePtr #cards 5 size 8 Array Of Cards #cards 12 size 40 Howl #buckets 4 coarsen threshold 1843 Howl Bitmap #cards 512 size 80 coarsen threshold 460 Card regions per heap region 1 cards per card region 2048

Heap:
 garbage-first heap   total 0K, used 0K [0x0000000082000000, 0x0000000100000000)
  region size 1024K, 0 young (0K), 0 survivors (0K)

[error occurred during error reporting (printing heap information), id 0xc0000005, EXCEPTION_ACCESS_VIOLATION (0xc0000005) at pc=0x00007ffcf4cd6649]

GC Heap History (0 events):
No events

Dll operation events (1 events):
Event: 0.005 Loaded shared library D:\Java\openjdk-19.0.2_windows-x64_bin\jdk-19.0.2\bin\java.dll

Deoptimization events (0 events):
No events

Classes loaded (0 events):
No events

Classes unloaded (0 events):
No events

Classes redefined (0 events):
No events

Internal exceptions (0 events):
No events

VM Operations (0 events):
No events

Events (0 events):
No events


Dynamic libraries:
0x00007ff6739a0000 - 0x00007ff6739ae000 	D:\Java\openjdk-19.0.2_windows-x64_bin\jdk-19.0.2\bin\java.exe
0x00007ffd35ee0000 - 0x00007ffd360b1000 	C:\Windows\SYSTEM32\ntdll.dll
0x00007ffd335b0000 - 0x00007ffd3365b000 	C:\Windows\System32\KERNEL32.DLL
0x00007ffd324d0000 - 0x00007ffd326ed000 	C:\Windows\System32\KERNELBASE.dll
0x00007ffd323d0000 - 0x00007ffd324c5000 	C:\Windows\System32\ucrtbase.dll
0x00007ffd2b120000 - 0x00007ffd2b137000 	D:\Java\openjdk-19.0.2_windows-x64_bin\jdk-19.0.2\bin\jli.dll
0x00007ffd35ac0000 - 0x00007ffd35c25000 	C:\Windows\System32\USER32.dll
0x00007ffd332c0000 - 0x00007ffd332de000 	C:\Windows\System32\win32u.dll
0x00007ffd352e0000 - 0x00007ffd35314000 	C:\Windows\System32\GDI32.dll
0x00007ffd332e0000 - 0x00007ffd33462000 	C:\Windows\System32\gdi32full.dll
0x00007ffd20790000 - 0x00007ffd207ab000 	D:\Java\openjdk-19.0.2_windows-x64_bin\jdk-19.0.2\bin\VCRUNTIME140.dll
0x00007ffd2ace0000 - 0x00007ffd2af5a000 	C:\Windows\WinSxS\amd64_microsoft.windows.common-controls_6595b64144ccf1df_6.0.14393.351_none_4213128bc687e6d3\COMCTL32.dll
0x00007ffd351e0000 - 0x00007ffd3527e000 	C:\Windows\System32\msvcrt.dll
0x00007ffd34ce0000 - 0x00007ffd34fa7000 	C:\Windows\System32\combase.dll
0x00007ffd35c50000 - 0x00007ffd35d71000 	C:\Windows\System32\RPCRT4.dll
0x00007ffd331b0000 - 0x00007ffd3321a000 	C:\Windows\System32\bcryptPrimitives.dll
0x00007ffd35460000 - 0x00007ffd3548e000 	C:\Windows\System32\IMM32.DLL
0x00007ffd2b150000 - 0x00007ffd2b15c000 	D:\Java\openjdk-19.0.2_windows-x64_bin\jdk-19.0.2\bin\vcruntime140_1.dll
0x00007ffcf5250000 - 0x00007ffcf52de000 	D:\Java\openjdk-19.0.2_windows-x64_bin\jdk-19.0.2\bin\msvcp140.dll
0x00007ffcf4590000 - 0x00007ffcf5250000 	D:\Java\openjdk-19.0.2_windows-x64_bin\jdk-19.0.2\bin\server\jvm.dll
0x00007ffd34c30000 - 0x00007ffd34cd2000 	C:\Windows\System32\ADVAPI32.dll
0x00007ffd33470000 - 0x00007ffd334c9000 	C:\Windows\System32\sechost.dll
0x00007ffd26990000 - 0x00007ffd26999000 	C:\Windows\SYSTEM32\WSOCK32.dll
0x00007ffd35150000 - 0x00007ffd351ba000 	C:\Windows\System32\WS2_32.dll
0x00007ffd30420000 - 0x00007ffd30443000 	C:\Windows\SYSTEM32\WINMM.dll
0x00007ffd2c390000 - 0x00007ffd2c39a000 	C:\Windows\SYSTEM32\VERSION.dll
0x00007ffd303c0000 - 0x00007ffd303eb000 	C:\Windows\SYSTEM32\WINMMBASE.dll
0x00007ffd32850000 - 0x00007ffd32892000 	C:\Windows\System32\cfgmgr32.dll
0x00007ffd32340000 - 0x00007ffd3234f000 	C:\Windows\System32\kernel.appcore.dll
0x00007ffd23b20000 - 0x00007ffd23b2a000 	D:\Java\openjdk-19.0.2_windows-x64_bin\jdk-19.0.2\bin\jimage.dll
0x00007ffd2a8a0000 - 0x00007ffd2aa32000 	C:\Windows\SYSTEM32\DBGHELP.DLL
0x00007ffd294a0000 - 0x00007ffd294c9000 	C:\Windows\SYSTEM32\dbgcore.DLL
0x00007ffcf4560000 - 0x00007ffcf4586000 	D:\Java\openjdk-19.0.2_windows-x64_bin\jdk-19.0.2\bin\java.dll

dbghelp: loaded successfully - version: 4.0.5 - missing functions: none
symbol engine: initialized successfully - sym options: 0x614 - pdb path: .;D:\Java\openjdk-19.0.2_windows-x64_bin\jdk-19.0.2\bin;C:\Windows\SYSTEM32;C:\Windows\WinSxS\amd64_microsoft.windows.common-controls_6595b64144ccf1df_6.0.14393.351_none_4213128bc687e6d3;D:\Java\openjdk-19.0.2_windows-x64_bin\jdk-19.0.2\bin\server

VM Arguments:
jvm_args: -Dfile.encoding=UTF-8 
java_command: J:\temp\surefire4780745644543734927\surefirebooter13948035073905474387.jar J:\temp\surefire4780745644543734927 2024-06-04T16-01-39_841-jvmRun1 surefire4154820048110807898tmp surefire_01319803461256448935tmp
java_class_path (initial): J:\temp\surefire4780745644543734927\surefirebooter13948035073905474387.jar
Launcher Type: SUN_STANDARD

[Global flags]
     intx CICompilerCount                          = 2                                         {product} {ergonomic}
     uint ConcGCThreads                            = 1                                         {product} {ergonomic}
     uint G1ConcRefinementThreads                  = 2                                         {product} {ergonomic}
   size_t G1HeapRegionSize                         = 1048576                                   {product} {ergonomic}
    uintx GCDrainStackTargetSize                   = 64                                        {product} {ergonomic}
   size_t InitialHeapSize                          = 132120576                                 {product} {ergonomic}
   size_t MarkStackSize                            = 4194304                                   {product} {ergonomic}
   size_t MaxHeapSize                              = 2113929216                                {product} {ergonomic}
   size_t MinHeapDeltaBytes                        = 1048576                                   {product} {ergonomic}
   size_t MinHeapSize                              = 8388608                                   {product} {ergonomic}
    uintx NonNMethodCodeHeapSize                   = 5826188                                {pd product} {ergonomic}
    uintx NonProfiledCodeHeapSize                  = 122916026                              {pd product} {ergonomic}
     bool PerfDisableSharedMem                     = true                                      {product} {ergonomic}
    uintx ProfiledCodeHeapSize                     = 122916026                              {pd product} {ergonomic}
    uintx ReservedCodeCacheSize                    = 251658240                              {pd product} {ergonomic}
     bool SegmentedCodeCache                       = true                                      {product} {ergonomic}
   size_t SoftMaxHeapSize                          = 2113929216                             {manageable} {ergonomic}
     bool UseCompressedClassPointers               = true                           {product lp64_product} {ergonomic}
     bool UseCompressedOops                        = true                           {product lp64_product} {ergonomic}
     bool UseG1GC                                  = true                                      {product} {ergonomic}
     bool UseLargePagesIndividualAllocation        = false                                  {pd product} {ergonomic}

Logging:
Log output configuration:
 #0: stdout all=warning uptime,level,tags foldmultilines=false
 #1: stderr all=off uptime,level,tags foldmultilines=false

Environment Variables:
PATH=C:\ProgramData\Oracle\Java\javapath;C:\Windows\system32;C:\Windows;C:\Windows\System32\Wbem;C:\Windows\System32\WindowsPowerShell\v1.0\;D:\profiles\User\AppData\Local\Microsoft\WindowsApps;D:\profiles\User\AppData\Local\Programs\Git\cmd
USERNAME=User113
OS=Windows_NT
PROCESSOR_IDENTIFIER=Intel64 Family 6 Model 60 Stepping 3, GenuineIntel
TMP=J:\temp
TEMP=J:\temp



---------------  S Y S T E M  ---------------

OS:
 Windows 10 , 64 bit Build 14393 (10.0.14393.0)
OS uptime: 0 days 7:00 hours

CPU: total 2 (initial active 2) (2 cores per cpu, 1 threads per core) family 6 model 60 stepping 3 microcode 0x1e, cx8, cmov, fxsr, mmx, sse, sse2, sse3, ssse3, sse4.1, sse4.2, popcnt, lzcnt, tsc, tscinvbit, erms, clmul, clflush, rdtscp

Memory: 4k page, system-wide physical 8063M (272M free)
TotalPageFile size 12159M (AvailPageFile size 94M)
current process WorkingSet (physical memory assigned to process): 10M, peak: 10M
current process commit charge ("private bytes"): 48M, peak: 173M

vm_info: OpenJDK 64-Bit Server VM (19.0.2+7-44) for windows-amd64 JRE (19.0.2+7-44), built on 2022-11-30T18:02:09Z by "mach5one" with MS VC++ 17.1 (VS2022)

END.
