#
# There is insufficient memory for the Java Runtime Environment to continue.
# Native memory allocation (mmap) failed to map 9437184 bytes. Error detail: G1 virtual space
# Possible reasons:
#   The system is out of physical RAM or swap space
#   This process is running with CompressedOops enabled, and the Java Heap may be blocking the growth of the native heap
# Possible solutions:
#   Reduce memory load on the system
#   Increase physical memory or swap space
#   Check if swap backing store is full
#   Decrease Java heap size (-Xmx/-Xms)
#   Decrease number of Java threads
#   Decrease Java thread stack sizes (-Xss)
#   Set larger code cache with -XX:ReservedCodeCacheSize=
#   JVM is running with Unscaled Compressed Oops mode in which the Java heap is
#     placed in the first 4GB address space. The Java Heap base address is the
#     maximum limit for the native heap growth. Please use -XX:HeapBaseMinAddress
#     to set the Java Heap base and to place the Java Heap above 4GB virtual address.
# This output file may be truncated or incomplete.
#
#  Out of Memory Error (os_windows.cpp:3631), pid=648, tid=7252
#
# JRE version: OpenJDK Runtime Environment (22.0+36) (build 22+36-2370)
# Java VM: OpenJDK 64-Bit Server VM (22+36-2370, mixed mode, sharing, tiered, compressed oops, compressed class ptrs, g1 gc, windows-amd64)
# No core dump will be written. Minidumps are not enabled by default on client versions of Windows
#

---------------  S U M M A R Y ------------

Command Line: -ea -Dfile.encoding=UTF-8 -Didea.test.cyclic.buffer.size=1048576 -javaagent:D:\profiles\User\AppData\Local\JetBrains\IntelliJ IDEA 2023.3.6\lib\idea_rt.jar=57720:D:\profiles\User\AppData\Local\JetBrains\IntelliJ IDEA 2023.3.6\bin -Dsun.stdout.encoding=UTF-8 -Dsun.stderr.encoding=UTF-8 com.intellij.rt.junit.JUnitStarter -ideVersion5 -junit4 ru.javawebinar.topjava.service.MealServiceTest

Host: Intel(R) Pentium(R) CPU G3258 @ 3.20GHz, 2 cores, 7G,  Windows 10 , 64 bit Build 14393 (10.0.14393.0)
Time: Fri May 24 16:30:00 2024 RTZ 2 (зима) elapsed time: 19.833521 seconds (0d 0h 0m 19s)

---------------  T H R E A D  ---------------

Current thread (0x0000027f7f12bf60):  VMThread "VM Thread"          [id=7252, stack(0x0000009ca5e00000,0x0000009ca5f00000) (1024K)]

Stack: [0x0000009ca5e00000,0x0000009ca5f00000]
Native frames: (J=compiled Java code, j=interpreted, Vv=VM code, C=native code)
V  [jvm.dll+0x6e2349]  (no source info available)
V  [jvm.dll+0x874ed3]  (no source info available)
V  [jvm.dll+0x8772fe]  (no source info available)
V  [jvm.dll+0x8779d3]  (no source info available)
V  [jvm.dll+0x27fcb6]  (no source info available)
V  [jvm.dll+0x6de9e5]  (no source info available)
V  [jvm.dll+0x6d34ea]  (no source info available)
V  [jvm.dll+0x35892a]  (no source info available)
V  [jvm.dll+0x360e56]  (no source info available)
V  [jvm.dll+0x3b3d7e]  (no source info available)
V  [jvm.dll+0x3b4028]  (no source info available)
V  [jvm.dll+0x32c4ec]  (no source info available)
V  [jvm.dll+0x32c577]  (no source info available)
V  [jvm.dll+0x3721ec]  (no source info available)
V  [jvm.dll+0x3708e6]  (no source info available)
V  [jvm.dll+0x32bbd7]  (no source info available)
V  [jvm.dll+0x3700a4]  (no source info available)
V  [jvm.dll+0x87d870]  (no source info available)
V  [jvm.dll+0x87ebf7]  (no source info available)
V  [jvm.dll+0x87f170]  (no source info available)
V  [jvm.dll+0x87f413]  (no source info available)
V  [jvm.dll+0x81d50b]  (no source info available)
V  [jvm.dll+0x6e09e5]  (no source info available)
C  [ucrtbase.dll+0x1cab0]  (no source info available)
C  [KERNEL32.DLL+0x8364]  (no source info available)
C  [ntdll.dll+0x65e91]  (no source info available)

VM_Operation (0x0000009ca57f91b0): G1CollectForAllocation, mode: safepoint, requested by thread 0x0000027f654ef4a0


---------------  P R O C E S S  ---------------

Threads class SMR info:
_java_thread_list=0x0000027f4abcd320, length=14, elements={
0x0000027f654ef4a0, 0x0000027f7f145b30, 0x0000027f7f148b10, 0x0000027f7f14d7a0,
0x0000027f7f14e3b0, 0x0000027f7f1539e0, 0x0000027f7f157200, 0x0000027f7f157c60,
0x0000027f7f159210, 0x0000027f4917e3f0, 0x0000027f492b57f0, 0x0000027f49307fc0,
0x0000027f4c0ed940, 0x0000027f498bee00
}

Java Threads: ( => current thread )
  0x0000027f654ef4a0 JavaThread "main"                              [_thread_blocked, id=5164, stack(0x0000009ca5700000,0x0000009ca5800000) (1024K)]
  0x0000027f7f145b30 JavaThread "Reference Handler"          daemon [_thread_blocked, id=2392, stack(0x0000009ca5f00000,0x0000009ca6000000) (1024K)]
  0x0000027f7f148b10 JavaThread "Finalizer"                  daemon [_thread_blocked, id=7632, stack(0x0000009ca6000000,0x0000009ca6100000) (1024K)]
  0x0000027f7f14d7a0 JavaThread "Signal Dispatcher"          daemon [_thread_blocked, id=7172, stack(0x0000009ca6100000,0x0000009ca6200000) (1024K)]
  0x0000027f7f14e3b0 JavaThread "Attach Listener"            daemon [_thread_blocked, id=7768, stack(0x0000009ca6200000,0x0000009ca6300000) (1024K)]
  0x0000027f7f1539e0 JavaThread "Service Thread"             daemon [_thread_blocked, id=4920, stack(0x0000009ca6300000,0x0000009ca6400000) (1024K)]
  0x0000027f7f157200 JavaThread "Monitor Deflation Thread"   daemon [_thread_blocked, id=7712, stack(0x0000009ca6400000,0x0000009ca6500000) (1024K)]
  0x0000027f7f157c60 JavaThread "C2 CompilerThread0"         daemon [_thread_blocked, id=7988, stack(0x0000009ca6500000,0x0000009ca6600000) (1024K)]
  0x0000027f7f159210 JavaThread "C1 CompilerThread0"         daemon [_thread_blocked, id=5324, stack(0x0000009ca6600000,0x0000009ca6700000) (1024K)]
  0x0000027f4917e3f0 JavaThread "Common-Cleaner"             daemon [_thread_blocked, id=2836, stack(0x0000009ca6700000,0x0000009ca6800000) (1024K)]
  0x0000027f492b57f0 JavaThread "Monitor Ctrl-Break"         daemon [_thread_in_native, id=6236, stack(0x0000009ca6800000,0x0000009ca6900000) (1024K)]
  0x0000027f49307fc0 JavaThread "Notification Thread"        daemon [_thread_blocked, id=8072, stack(0x0000009ca6900000,0x0000009ca6a00000) (1024K)]
  0x0000027f4c0ed940 JavaThread "Tomcat JDBC Pool Cleaner[1072591677:1716557386367]" daemon [_thread_blocked, id=5368, stack(0x0000009ca6f00000,0x0000009ca7000000) (1024K)]
  0x0000027f498bee00 JavaThread "PostgreSQL-JDBC-Cleaner"    daemon [_thread_blocked, id=4836, stack(0x0000009ca7100000,0x0000009ca7200000) (1024K)]
Total: 14

Other Threads:
=>0x0000027f7f12bf60 VMThread "VM Thread"                           [id=7252, stack(0x0000009ca5e00000,0x0000009ca5f00000) (1024K)]
  0x0000027f7f115d90 WatcherThread "VM Periodic Task Thread"        [id=7060, stack(0x0000009ca5d00000,0x0000009ca5e00000) (1024K)]
  0x0000027f67672060 WorkerThread "GC Thread#0"                     [id=7228, stack(0x0000009ca5800000,0x0000009ca5900000) (1024K)]
  0x0000027f4952b840 WorkerThread "GC Thread#1"                     [id=6276, stack(0x0000009ca6a00000,0x0000009ca6b00000) (1024K)]
  0x0000027f67682d10 ConcurrentGCThread "G1 Main Marker"            [id=4440, stack(0x0000009ca5900000,0x0000009ca5a00000) (1024K)]
  0x0000027f676842f0 WorkerThread "G1 Conc#0"                       [id=7148, stack(0x0000009ca5a00000,0x0000009ca5b00000) (1024K)]
  0x0000027f676ee510 ConcurrentGCThread "G1 Refine#0"               [id=7220, stack(0x0000009ca5b00000,0x0000009ca5c00000) (1024K)]
  0x0000027f7efe90e0 ConcurrentGCThread "G1 Service"                [id=3904, stack(0x0000009ca5c00000,0x0000009ca5d00000) (1024K)]
Total: 8

Threads with active compile tasks:
C2 CompilerThread0  19911 8470       4       org.springframework.data.repository.core.support.DefaultRepositoryInformation::isQueryMethodCandidate (54 bytes)
Total: 1

VM state: at safepoint (normal execution)

VM Mutex/Monitor currently owned by a thread:  ([mutex/lock_event])
[0x00007ffc2004cbc8] Threads_lock - owner thread: 0x0000027f7f12bf60
[0x00007ffc2004ccc8] Heap_lock - owner thread: 0x0000027f654ef4a0

Heap address: 0x0000000082000000, size: 2016 MB, Compressed Oops mode: 32-bit

CDS archive(s) mapped at: [0x0000027f04000000-0x0000027f04c50000-0x0000027f04c50000), size 12910592, SharedBaseAddress: 0x0000027f04000000, ArchiveRelocationMode: 1.
Compressed class space mapped at: 0x0000027f05000000-0x0000027f45000000, reserved size: 1073741824
Narrow klass base: 0x0000027f04000000, Narrow klass shift: 0, Narrow klass range: 0x41000000

GC Precious Log:
 CardTable entry size: 512
 Card Set container configuration: InlinePtr #cards 5 size 8 Array Of Cards #cards 12 size 40 Howl #buckets 4 coarsen threshold 1843 Howl Bitmap #cards 512 size 80 coarsen threshold 460 Card regions per heap region 1 cards per card region 2048
 CPUs: 2 total, 2 available
 Memory: 8063M
 Large Page Support: Disabled
 NUMA Support: Disabled
 Compressed Oops: Enabled (32-bit)
 Heap Region Size: 1M
 Heap Min Capacity: 8M
 Heap Initial Capacity: 126M
 Heap Max Capacity: 2016M
 Pre-touch: Disabled
 Parallel Workers: 2
 Concurrent Workers: 1
 Concurrent Refinement Workers: 2
 Periodic GC: Disabled

Heap:
 garbage-first heap   total reserved 2064384K, committed 46080K, used 26648K [0x0000000082000000, 0x0000000100000000)
  region size 1024K, 2 young (2048K), 2 survivors (2048K)
 Metaspace       used 51557K, committed 51968K, reserved 1114112K
  class space    used 6858K, committed 7040K, reserved 1048576K

Heap Regions: E=young(eden), S=young(survivor), O=old, HS=humongous(starts), HC=humongous(continues), CS=collection set, F=free, TAMS=top-at-mark-start, PB=parsable bottom
|   0|0x0000000082000000, 0x0000000082100000, 0x0000000082100000|100%|HS|  |TAMS 0x0000000082100000| PB 0x0000000082000000| Complete |  0
|   1|0x0000000082100000, 0x0000000082200000, 0x0000000082200000|100%| O|  |TAMS 0x0000000082200000| PB 0x0000000082100000| Untracked |  0
|   2|0x0000000082200000, 0x0000000082300000, 0x0000000082300000|100%| O|  |TAMS 0x0000000082300000| PB 0x0000000082200000| Untracked |  0
|   3|0x0000000082300000, 0x0000000082400000, 0x0000000082400000|100%| O|  |TAMS 0x0000000082400000| PB 0x0000000082300000| Untracked |  0
|   4|0x0000000082400000, 0x0000000082500000, 0x0000000082500000|100%| O|  |TAMS 0x0000000082500000| PB 0x0000000082400000| Untracked |  0
|   5|0x0000000082500000, 0x0000000082600000, 0x0000000082600000|100%| O|  |TAMS 0x0000000082600000| PB 0x0000000082500000| Untracked |  0
|   6|0x0000000082600000, 0x0000000082700000, 0x0000000082700000|100%| O|  |TAMS 0x0000000082700000| PB 0x0000000082600000| Untracked |  0
|   7|0x0000000082700000, 0x0000000082800000, 0x0000000082800000|100%| O|  |TAMS 0x0000000082800000| PB 0x0000000082700000| Untracked |  0
|   8|0x0000000082800000, 0x0000000082900000, 0x0000000082900000|100%| O|  |TAMS 0x0000000082900000| PB 0x0000000082800000| Untracked |  0
|   9|0x0000000082900000, 0x0000000082a00000, 0x0000000082a00000|100%| O|  |TAMS 0x0000000082a00000| PB 0x0000000082900000| Untracked |  0
|  10|0x0000000082a00000, 0x0000000082b00000, 0x0000000082b00000|100%| O|  |TAMS 0x0000000082b00000| PB 0x0000000082a00000| Untracked |  0
|  11|0x0000000082b00000, 0x0000000082c00000, 0x0000000082c00000|100%| O|  |TAMS 0x0000000082c00000| PB 0x0000000082b00000| Untracked |  0
|  12|0x0000000082c00000, 0x0000000082d00000, 0x0000000082d00000|100%| O|  |TAMS 0x0000000082d00000| PB 0x0000000082c00000| Untracked |  0
|  13|0x0000000082d00000, 0x0000000082e00000, 0x0000000082e00000|100%| O|  |TAMS 0x0000000082e00000| PB 0x0000000082d00000| Untracked |  0
|  14|0x0000000082e00000, 0x0000000082f00000, 0x0000000082f00000|100%| O|  |TAMS 0x0000000082f00000| PB 0x0000000082e00000| Untracked |  0
|  15|0x0000000082f00000, 0x0000000083000000, 0x0000000083000000|100%| O|  |TAMS 0x0000000083000000| PB 0x0000000082f00000| Untracked |  0
|  16|0x0000000083000000, 0x0000000083000000, 0x0000000083100000|  0%| F|  |TAMS 0x0000000083000000| PB 0x0000000083000000| Untracked |  0
|  17|0x0000000083100000, 0x0000000083200000, 0x0000000083200000|100%| O|  |TAMS 0x0000000083200000| PB 0x0000000083100000| Untracked |  0
|  18|0x0000000083200000, 0x0000000083300000, 0x0000000083300000|100%| O|  |TAMS 0x0000000083300000| PB 0x0000000083200000| Untracked |  0
|  19|0x0000000083300000, 0x0000000083400000, 0x0000000083400000|100%| O|  |TAMS 0x0000000083400000| PB 0x0000000083300000| Untracked |  0
|  20|0x0000000083400000, 0x0000000083500000, 0x0000000083500000|100%| O|  |TAMS 0x0000000083500000| PB 0x0000000083400000| Untracked |  0
|  21|0x0000000083500000, 0x0000000083600000, 0x0000000083600000|100%| O|  |TAMS 0x0000000083600000| PB 0x0000000083500000| Untracked |  0
|  22|0x0000000083600000, 0x0000000083700000, 0x0000000083700000|100%| O|  |TAMS 0x0000000083700000| PB 0x0000000083600000| Untracked |  0
|  23|0x0000000083700000, 0x0000000083700000, 0x0000000083800000|  0%| F|  |TAMS 0x0000000083700000| PB 0x0000000083700000| Untracked |  0
|  24|0x0000000083800000, 0x0000000083800000, 0x0000000083900000|  0%| F|  |TAMS 0x0000000083800000| PB 0x0000000083800000| Untracked |  0
|  25|0x0000000083900000, 0x0000000083a00000, 0x0000000083a00000|100%| O|  |TAMS 0x0000000083a00000| PB 0x0000000083900000| Untracked |  0
|  26|0x0000000083a00000, 0x0000000083aac920, 0x0000000083b00000| 67%| S|CS|TAMS 0x0000000083a00000| PB 0x0000000083a00000| Complete |  0
|  27|0x0000000083b00000, 0x0000000083c00000, 0x0000000083c00000|100%| O|  |TAMS 0x0000000083c00000| PB 0x0000000083b00000| Untracked |  0
|  28|0x0000000083c00000, 0x0000000083c59980, 0x0000000083d00000| 34%| O|  |TAMS 0x0000000083c59980| PB 0x0000000083c00000| Untracked |  0
|  29|0x0000000083d00000, 0x0000000083e00000, 0x0000000083e00000|100%| S|CS|TAMS 0x0000000083d00000| PB 0x0000000083d00000| Complete |  0
|  30|0x0000000083e00000, 0x0000000083e00000, 0x0000000083f00000|  0%| F|  |TAMS 0x0000000083e00000| PB 0x0000000083e00000| Untracked |  0
|  31|0x0000000083f00000, 0x0000000083f00000, 0x0000000084000000|  0%| F|  |TAMS 0x0000000083f00000| PB 0x0000000083f00000| Untracked |  0
|  32|0x0000000084000000, 0x0000000084000000, 0x0000000084100000|  0%| F|  |TAMS 0x0000000084000000| PB 0x0000000084000000| Untracked |  0
|  33|0x0000000084100000, 0x0000000084100000, 0x0000000084200000|  0%| F|  |TAMS 0x0000000084100000| PB 0x0000000084100000| Untracked |  0
|  34|0x0000000084200000, 0x0000000084200000, 0x0000000084300000|  0%| F|  |TAMS 0x0000000084200000| PB 0x0000000084200000| Untracked |  0
|  35|0x0000000084300000, 0x0000000084300000, 0x0000000084400000|  0%| F|  |TAMS 0x0000000084300000| PB 0x0000000084300000| Untracked |  0
|  36|0x0000000084400000, 0x0000000084400000, 0x0000000084500000|  0%| F|  |TAMS 0x0000000084400000| PB 0x0000000084400000| Untracked |  0
|  37|0x0000000084500000, 0x0000000084500000, 0x0000000084600000|  0%| F|  |TAMS 0x0000000084500000| PB 0x0000000084500000| Untracked |  0
|  38|0x0000000084600000, 0x0000000084600000, 0x0000000084700000|  0%| F|  |TAMS 0x0000000084600000| PB 0x0000000084600000| Untracked |  0
|  39|0x0000000084700000, 0x0000000084700000, 0x0000000084800000|  0%| F|  |TAMS 0x0000000084700000| PB 0x0000000084700000| Untracked |  0
|  79|0x0000000086f00000, 0x0000000086f00000, 0x0000000087000000|  0%| F|  |TAMS 0x0000000086f00000| PB 0x0000000086f00000| Untracked |  0
|  80|0x0000000087000000, 0x0000000087000000, 0x0000000087100000|  0%| F|  |TAMS 0x0000000087000000| PB 0x0000000087000000| Untracked |  0
|  81|0x0000000087100000, 0x0000000087100000, 0x0000000087200000|  0%| F|  |TAMS 0x0000000087100000| PB 0x0000000087100000| Untracked |  0
|  82|0x0000000087200000, 0x0000000087200000, 0x0000000087300000|  0%| F|  |TAMS 0x0000000087200000| PB 0x0000000087200000| Untracked |  0
|  83|0x0000000087300000, 0x0000000087300000, 0x0000000087400000|  0%| F|  |TAMS 0x0000000087300000| PB 0x0000000087300000| Untracked |  0

Card table byte_map: [0x0000027f7e970000,0x0000027f7ed60000] _byte_map_base: 0x0000027f7e560000

Marking Bits: (CMBitMap*) 0x0000027f67672680
 Bits: [0x0000027f00000000, 0x0000027f01f80000)

Polling page: 0x0000027f65480000

Metaspace:

Usage:
  Non-class:     43.65 MB used.
      Class:      6.70 MB used.
       Both:     50.35 MB used.

Virtual space:
  Non-class space:       64.00 MB reserved,      43.88 MB ( 69%) committed,  1 nodes.
      Class space:        1.00 GB reserved,       6.88 MB ( <1%) committed,  1 nodes.
             Both:        1.06 GB reserved,      50.75 MB (  5%) committed. 

Chunk freelists:
   Non-Class:  3.79 MB
       Class:  9.09 MB
        Both:  12.88 MB

MaxMetaspaceSize: unlimited
CompressedClassSpaceSize: 1.00 GB
Initial GC threshold: 21.00 MB
Current GC threshold: 84.06 MB
CDS: on
 - commit_granule_bytes: 65536.
 - commit_granule_words: 8192.
 - virtual_space_node_default_size: 8388608.
 - enlarge_chunks_in_place: 1.
 - use_allocation_guard: 0.


Internal statistics:

num_allocs_failed_limit: 6.
num_arena_births: 406.
num_arena_deaths: 0.
num_vsnodes_births: 2.
num_vsnodes_deaths: 0.
num_space_committed: 812.
num_space_uncommitted: 0.
num_chunks_returned_to_freelist: 6.
num_chunks_taken_from_freelist: 2020.
num_chunk_merges: 6.
num_chunk_splits: 1451.
num_chunks_enlarged: 1215.
num_inconsistent_stats: 0.

CodeHeap 'non-profiled nmethods': size=120064Kb used=4427Kb max_used=4427Kb free=115636Kb
 bounds [0x0000027f77430000, 0x0000027f77890000, 0x0000027f7e970000]
CodeHeap 'profiled nmethods': size=120000Kb used=15947Kb max_used=15947Kb free=104052Kb
 bounds [0x0000027f6f970000, 0x0000027f70910000, 0x0000027f76ea0000]
CodeHeap 'non-nmethods': size=5696Kb used=1611Kb max_used=1664Kb free=4084Kb
 bounds [0x0000027f76ea0000, 0x0000027f77110000, 0x0000027f77430000]
 total_blobs=8140 nmethods=7485 adapters=560
 compilation: enabled
              stopped_count=0, restarted_count=0
 full_count=0

Compilation events (20 events):
Event: 19.812 Thread 0x0000027f7f159210 8565       3       com.sun.xml.bind.v2.model.annotation.XmlElementQuick::nillable (10 bytes)
Event: 19.812 Thread 0x0000027f7f159210 nmethod 8565 0x0000027f70900410 code [0x0000027f709005c0, 0x0000027f70900798]
Event: 19.812 Thread 0x0000027f7f159210 8566       3       com.sun.xml.bind.v2.model.annotation.XmlElementQuick::defaultValue (10 bytes)
Event: 19.813 Thread 0x0000027f7f159210 nmethod 8566 0x0000027f70900890 code [0x0000027f70900a40, 0x0000027f70900c18]
Event: 19.813 Thread 0x0000027f7f157c60 nmethod 8514 0x0000027f77882310 code [0x0000027f778824a0, 0x0000027f77882588]
Event: 19.813 Thread 0x0000027f7f157c60 8470       4       org.springframework.data.repository.core.support.DefaultRepositoryInformation::isQueryMethodCandidate (54 bytes)
Event: 19.813 Thread 0x0000027f7f159210 8567       1       com.sun.xml.bind.v2.model.annotation.XmlValueQuick::annotationType (3 bytes)
Event: 19.813 Thread 0x0000027f7f159210 nmethod 8567 0x0000027f77882690 code [0x0000027f77882820, 0x0000027f778828f0]
Event: 19.814 Thread 0x0000027f7f159210 8568       3       java.lang.invoke.LambdaForm$MH/0x0000027f056e1c00::invoke (42 bytes)
Event: 19.814 Thread 0x0000027f7f159210 nmethod 8568 0x0000027f70900d10 code [0x0000027f70900f80, 0x0000027f70901c30]
Event: 19.815 Thread 0x0000027f7f159210 8569       3       java.lang.invoke.LambdaForm$MH/0x0000027f056e2000::invoke (42 bytes)
Event: 19.815 Thread 0x0000027f7f159210 nmethod 8569 0x0000027f70902010 code [0x0000027f70902260, 0x0000027f70902c60]
Event: 19.818 Thread 0x0000027f7f159210 8572       1       com.sun.xml.bind.v2.model.impl.RuntimeValuePropertyInfoImpl::elementOnlyContent (2 bytes)
Event: 19.818 Thread 0x0000027f7f159210 nmethod 8572 0x0000027f77882990 code [0x0000027f77882b20, 0x0000027f77882be8]
Event: 19.818 Thread 0x0000027f7f159210 8573       2       sun.reflect.generics.reflectiveObjects.TypeVariableImpl::getBounds (36 bytes)
Event: 19.818 Thread 0x0000027f7f159210 nmethod 8573 0x0000027f70902f10 code [0x0000027f709030e0, 0x0000027f709033b8]
Event: 19.818 Thread 0x0000027f7f159210 8574       3       javax.xml.namespace.QName::hashCode (16 bytes)
Event: 19.819 Thread 0x0000027f7f159210 nmethod 8574 0x0000027f70903490 code [0x0000027f70903640, 0x0000027f709037d8]
Event: 19.819 Thread 0x0000027f7f159210 8575       2       com.sun.xml.bind.v2.util.FlattenIterator::hasNext (17 bytes)
Event: 19.819 Thread 0x0000027f7f159210 nmethod 8575 0x0000027f70903910 code [0x0000027f70903aa0, 0x0000027f70903be0]

GC Heap History (20 events):
Event: 13.374 GC heap after
{Heap after GC invocations=20 (full 0):
 garbage-first heap   total reserved 2064384K, committed 46080K, used 22668K [0x0000000082000000, 0x0000000100000000)
  region size 1024K, 3 young (3072K), 3 survivors (3072K)
 Metaspace       used 50013K, committed 50368K, reserved 1114112K
  class space    used 6842K, committed 7040K, reserved 1048576K
}
Event: 13.767 GC heap before
{Heap before GC invocations=20 (full 0):
 garbage-first heap   total reserved 2064384K, committed 46080K, used 39052K [0x0000000082000000, 0x0000000100000000)
  region size 1024K, 19 young (19456K), 3 survivors (3072K)
 Metaspace       used 50129K, committed 50496K, reserved 1114112K
  class space    used 6842K, committed 7040K, reserved 1048576K
}
Event: 13.770 GC heap after
{Heap after GC invocations=21 (full 0):
 garbage-first heap   total reserved 2064384K, committed 46080K, used 21601K [0x0000000082000000, 0x0000000100000000)
  region size 1024K, 1 young (1024K), 1 survivors (1024K)
 Metaspace       used 50129K, committed 50496K, reserved 1114112K
  class space    used 6842K, committed 7040K, reserved 1048576K
}
Event: 14.913 GC heap before
{Heap before GC invocations=22 (full 0):
 garbage-first heap   total reserved 2064384K, committed 46080K, used 41057K [0x0000000082000000, 0x0000000100000000)
  region size 1024K, 20 young (20480K), 1 survivors (1024K)
 Metaspace       used 50491K, committed 50880K, reserved 1114112K
  class space    used 6845K, committed 7040K, reserved 1048576K
}
Event: 14.917 GC heap after
{Heap after GC invocations=23 (full 0):
 garbage-first heap   total reserved 2064384K, committed 46080K, used 23574K [0x0000000082000000, 0x0000000100000000)
  region size 1024K, 3 young (3072K), 3 survivors (3072K)
 Metaspace       used 50491K, committed 50880K, reserved 1114112K
  class space    used 6845K, committed 7040K, reserved 1048576K
}
Event: 15.597 GC heap before
{Heap before GC invocations=23 (full 0):
 garbage-first heap   total reserved 2064384K, committed 46080K, used 38934K [0x0000000082000000, 0x0000000100000000)
  region size 1024K, 18 young (18432K), 3 survivors (3072K)
 Metaspace       used 50640K, committed 51008K, reserved 1114112K
  class space    used 6845K, committed 7040K, reserved 1048576K
}
Event: 15.605 GC heap after
{Heap after GC invocations=24 (full 0):
 garbage-first heap   total reserved 2064384K, committed 46080K, used 21685K [0x0000000082000000, 0x0000000100000000)
  region size 1024K, 1 young (1024K), 1 survivors (1024K)
 Metaspace       used 50640K, committed 51008K, reserved 1114112K
  class space    used 6845K, committed 7040K, reserved 1048576K
}
Event: 16.394 GC heap before
{Heap before GC invocations=24 (full 0):
 garbage-first heap   total reserved 2064384K, committed 46080K, used 41141K [0x0000000082000000, 0x0000000100000000)
  region size 1024K, 20 young (20480K), 1 survivors (1024K)
 Metaspace       used 50935K, committed 51328K, reserved 1114112K
  class space    used 6850K, committed 7040K, reserved 1048576K
}
Event: 16.399 GC heap after
{Heap after GC invocations=25 (full 0):
 garbage-first heap   total reserved 2064384K, committed 46080K, used 23631K [0x0000000082000000, 0x0000000100000000)
  region size 1024K, 3 young (3072K), 3 survivors (3072K)
 Metaspace       used 50935K, committed 51328K, reserved 1114112K
  class space    used 6850K, committed 7040K, reserved 1048576K
}
Event: 16.795 GC heap before
{Heap before GC invocations=26 (full 0):
 garbage-first heap   total reserved 2064384K, committed 46080K, used 38991K [0x0000000082000000, 0x0000000100000000)
  region size 1024K, 18 young (18432K), 3 survivors (3072K)
 Metaspace       used 51068K, committed 51456K, reserved 1114112K
  class space    used 6850K, committed 7040K, reserved 1048576K
}
Event: 16.800 GC heap after
{Heap after GC invocations=27 (full 0):
 garbage-first heap   total reserved 2064384K, committed 46080K, used 22456K [0x0000000082000000, 0x0000000100000000)
  region size 1024K, 1 young (1024K), 1 survivors (1024K)
 Metaspace       used 51068K, committed 51456K, reserved 1114112K
  class space    used 6850K, committed 7040K, reserved 1048576K
}
Event: 17.721 GC heap before
{Heap before GC invocations=27 (full 0):
 garbage-first heap   total reserved 2064384K, committed 46080K, used 40888K [0x0000000082000000, 0x0000000100000000)
  region size 1024K, 19 young (19456K), 1 survivors (1024K)
 Metaspace       used 51239K, committed 51648K, reserved 1114112K
  class space    used 6854K, committed 7040K, reserved 1048576K
}
Event: 17.728 GC heap after
{Heap after GC invocations=28 (full 0):
 garbage-first heap   total reserved 2064384K, committed 46080K, used 24319K [0x0000000082000000, 0x0000000100000000)
  region size 1024K, 3 young (3072K), 3 survivors (3072K)
 Metaspace       used 51239K, committed 51648K, reserved 1114112K
  class space    used 6854K, committed 7040K, reserved 1048576K
}
Event: 18.200 GC heap before
{Heap before GC invocations=28 (full 0):
 garbage-first heap   total reserved 2064384K, committed 46080K, used 38655K [0x0000000082000000, 0x0000000100000000)
  region size 1024K, 17 young (17408K), 3 survivors (3072K)
 Metaspace       used 51287K, committed 51648K, reserved 1114112K
  class space    used 6854K, committed 7040K, reserved 1048576K
}
Event: 18.203 GC heap after
{Heap after GC invocations=29 (full 0):
 garbage-first heap   total reserved 2064384K, committed 46080K, used 23506K [0x0000000082000000, 0x0000000100000000)
  region size 1024K, 1 young (1024K), 1 survivors (1024K)
 Metaspace       used 51287K, committed 51648K, reserved 1114112K
  class space    used 6854K, committed 7040K, reserved 1048576K
}
Event: 19.426 GC heap before
{Heap before GC invocations=30 (full 0):
 garbage-first heap   total reserved 2064384K, committed 46080K, used 40914K [0x0000000082000000, 0x0000000100000000)
  region size 1024K, 18 young (18432K), 1 survivors (1024K)
 Metaspace       used 51382K, committed 51776K, reserved 1114112K
  class space    used 6855K, committed 7040K, reserved 1048576K
}
Event: 19.430 GC heap after
{Heap after GC invocations=31 (full 0):
 garbage-first heap   total reserved 2064384K, committed 46080K, used 25092K [0x0000000082000000, 0x0000000100000000)
  region size 1024K, 3 young (3072K), 3 survivors (3072K)
 Metaspace       used 51382K, committed 51776K, reserved 1114112K
  class space    used 6855K, committed 7040K, reserved 1048576K
}
Event: 19.583 GC heap before
{Heap before GC invocations=31 (full 0):
 garbage-first heap   total reserved 2064384K, committed 46080K, used 38404K [0x0000000082000000, 0x0000000100000000)
  region size 1024K, 16 young (16384K), 3 survivors (3072K)
 Metaspace       used 51479K, committed 51840K, reserved 1114112K
  class space    used 6858K, committed 7040K, reserved 1048576K
}
Event: 19.589 GC heap after
{Heap after GC invocations=32 (full 0):
 garbage-first heap   total reserved 2064384K, committed 46080K, used 26126K [0x0000000082000000, 0x0000000100000000)
  region size 1024K, 2 young (2048K), 2 survivors (2048K)
 Metaspace       used 51479K, committed 51840K, reserved 1114112K
  class space    used 6858K, committed 7040K, reserved 1048576K
}
Event: 19.820 GC heap before
{Heap before GC invocations=32 (full 0):
 garbage-first heap   total reserved 2064384K, committed 46080K, used 39438K [0x0000000082000000, 0x0000000100000000)
  region size 1024K, 15 young (15360K), 2 survivors (2048K)
 Metaspace       used 51557K, committed 51968K, reserved 1114112K
  class space    used 6858K, committed 7040K, reserved 1048576K
}

Dll operation events (13 events):
Event: 0.045 Loaded shared library D:\Java\openjdk-22_windows-x64_bin\jdk-22\bin\java.dll
Event: 0.122 Loaded shared library D:\Java\openjdk-22_windows-x64_bin\jdk-22\bin\jsvml.dll
Event: 0.188 Loaded shared library D:\Java\openjdk-22_windows-x64_bin\jdk-22\bin\zip.dll
Event: 0.192 Loaded shared library D:\Java\openjdk-22_windows-x64_bin\jdk-22\bin\instrument.dll
Event: 0.202 Loaded shared library D:\Java\openjdk-22_windows-x64_bin\jdk-22\bin\net.dll
Event: 0.204 Loaded shared library D:\Java\openjdk-22_windows-x64_bin\jdk-22\bin\nio.dll
Event: 0.209 Loaded shared library D:\Java\openjdk-22_windows-x64_bin\jdk-22\bin\zip.dll
Event: 0.301 Loaded shared library D:\profiles\User\AppData\Local\JetBrains\IntelliJ IDEA 2023.3.6\bin\breakgen64.dll
Event: 0.316 Loaded shared library D:\Java\openjdk-22_windows-x64_bin\jdk-22\bin\extnet.dll
Event: 0.431 Loaded shared library D:\Java\openjdk-22_windows-x64_bin\jdk-22\bin\verify.dll
Event: 0.947 Loaded shared library D:\Java\openjdk-22_windows-x64_bin\jdk-22\bin\jimage.dll
Event: 4.212 Loaded shared library D:\Java\openjdk-22_windows-x64_bin\jdk-22\bin\management.dll
Event: 4.227 Loaded shared library D:\Java\openjdk-22_windows-x64_bin\jdk-22\bin\management_ext.dll

Deoptimization events (20 events):
Event: 18.727 Thread 0x0000027f654ef4a0 Uncommon trap: trap_request=0xffffffbe fr.pc=0x0000027f776be980 relative=0x0000000000000360
Event: 18.727 Thread 0x0000027f654ef4a0 Uncommon trap: reason=profile_predicate action=maybe_recompile pc=0x0000027f776be980 method=java.util.HashMap.valuesToArray([Ljava/lang/Object;)[Ljava/lang/Object; @ 32 c2
Event: 18.727 Thread 0x0000027f654ef4a0 DEOPT PACKING pc=0x0000027f776be980 sp=0x0000009ca57fd360
Event: 18.727 Thread 0x0000027f654ef4a0 DEOPT UNPACKING pc=0x0000027f76ef469c sp=0x0000009ca57fd310 mode 2
Event: 18.801 Thread 0x0000027f654ef4a0 Uncommon trap: trap_request=0xffffffd6 fr.pc=0x0000027f77761314 relative=0x0000000000000834
Event: 18.801 Thread 0x0000027f654ef4a0 Uncommon trap: reason=array_check action=maybe_recompile pc=0x0000027f77761314 method=jdk.xml.internal.XMLLimitAnalyzer.addValue(ILjava/lang/String;I)V @ 123 c2
Event: 18.801 Thread 0x0000027f654ef4a0 DEOPT PACKING pc=0x0000027f77761314 sp=0x0000009ca57f9080
Event: 18.801 Thread 0x0000027f654ef4a0 DEOPT UNPACKING pc=0x0000027f76ef469c sp=0x0000009ca57f9030 mode 2
Event: 19.515 Thread 0x0000027f654ef4a0 Uncommon trap: trap_request=0xffffff76 fr.pc=0x0000027f7785754c relative=0x000000000000022c
Event: 19.515 Thread 0x0000027f654ef4a0 Uncommon trap: reason=predicate action=maybe_recompile pc=0x0000027f7785754c method=java.util.HashMap.valuesToArray([Ljava/lang/Object;)[Ljava/lang/Object; @ 48 c2
Event: 19.515 Thread 0x0000027f654ef4a0 DEOPT PACKING pc=0x0000027f7785754c sp=0x0000009ca57fd150
Event: 19.515 Thread 0x0000027f654ef4a0 DEOPT UNPACKING pc=0x0000027f76ef469c sp=0x0000009ca57fd0f8 mode 2
Event: 19.746 Thread 0x0000027f654ef4a0 Uncommon trap: trap_request=0xffffffbe fr.pc=0x0000027f77873f18 relative=0x00000000000002f8
Event: 19.746 Thread 0x0000027f654ef4a0 Uncommon trap: reason=profile_predicate action=maybe_recompile pc=0x0000027f77873f18 method=java.util.HashMap.valuesToArray([Ljava/lang/Object;)[Ljava/lang/Object; @ 48 c2
Event: 19.746 Thread 0x0000027f654ef4a0 DEOPT PACKING pc=0x0000027f77873f18 sp=0x0000009ca57fd2b0
Event: 19.746 Thread 0x0000027f654ef4a0 DEOPT UNPACKING pc=0x0000027f76ef469c sp=0x0000009ca57fd258 mode 2
Event: 19.785 Thread 0x0000027f654ef4a0 DEOPT PACKING pc=0x0000027f708ed553 sp=0x0000009ca57f94f0
Event: 19.785 Thread 0x0000027f654ef4a0 DEOPT UNPACKING pc=0x0000027f76ef4e23 sp=0x0000009ca57f8950 mode 0
Event: 19.808 Thread 0x0000027f654ef4a0 DEOPT PACKING pc=0x0000027f6ff6bf70 sp=0x0000009ca57f79c0
Event: 19.808 Thread 0x0000027f654ef4a0 DEOPT UNPACKING pc=0x0000027f76ef4e23 sp=0x0000009ca57f6ee0 mode 0

Classes loaded (20 events):
Event: 15.783 Loading class javax/management/MBeanRegistrationCustomizer
Event: 15.783 Loading class javax/management/MBeanRegistrationCustomizer done
Event: 15.783 Loading class javax/management/MBeanRegistrationCustomizer
Event: 15.783 Loading class javax/management/MBeanRegistrationCustomizer done
Event: 17.186 Loading class javax/management/MBeanRegistrationBeanInfo
Event: 17.186 Loading class javax/management/MBeanRegistrationBeanInfo done
Event: 17.186 Loading class javax/management/MBeanRegistrationBeanInfo
Event: 17.186 Loading class javax/management/MBeanRegistrationBeanInfo done
Event: 17.186 Loading class javax/management/MBeanRegistrationCustomizer
Event: 17.186 Loading class javax/management/MBeanRegistrationCustomizer done
Event: 17.186 Loading class javax/management/MBeanRegistrationCustomizer
Event: 17.186 Loading class javax/management/MBeanRegistrationCustomizer done
Event: 18.859 Loading class javax/management/MBeanRegistrationBeanInfo
Event: 18.859 Loading class javax/management/MBeanRegistrationBeanInfo done
Event: 18.859 Loading class javax/management/MBeanRegistrationBeanInfo
Event: 18.859 Loading class javax/management/MBeanRegistrationBeanInfo done
Event: 18.859 Loading class javax/management/MBeanRegistrationCustomizer
Event: 18.859 Loading class javax/management/MBeanRegistrationCustomizer done
Event: 18.859 Loading class javax/management/MBeanRegistrationCustomizer
Event: 18.859 Loading class javax/management/MBeanRegistrationCustomizer done

Classes unloaded (0 events):
No events

Classes redefined (0 events):
No events

Internal exceptions (20 events):
Event: 19.780 Thread 0x0000027f654ef4a0 Exception <a 'java/lang/ClassNotFoundException'{0x0000000084270ef0}: org/springframework/dao/support/PersistenceExceptionTranslatorBeanInfo> (0x0000000084270ef0) 
thrown [s\open\src\hotspot\share\classfile\systemDictionary.cpp, line 313]
Event: 19.780 Thread 0x0000027f654ef4a0 Exception <a 'java/lang/ClassNotFoundException'{0x0000000084273d08}: org/springframework/dao/support/PersistenceExceptionTranslatorCustomizer> (0x0000000084273d08) 
thrown [s\open\src\hotspot\share\classfile\systemDictionary.cpp, line 313]
Event: 19.781 Thread 0x0000027f654ef4a0 Exception <a 'java/lang/ClassNotFoundException'{0x00000000842807b0}: org/springframework/orm/jpa/vendor/HibernateJpaVendorAdapterBeanInfo> (0x00000000842807b0) 
thrown [s\open\src\hotspot\share\classfile\systemDictionary.cpp, line 313]
Event: 19.781 Thread 0x0000027f654ef4a0 Exception <a 'java/lang/ClassNotFoundException'{0x0000000084283588}: org/springframework/orm/jpa/vendor/AbstractJpaVendorAdapterBeanInfo> (0x0000000084283588) 
thrown [s\open\src\hotspot\share\classfile\systemDictionary.cpp, line 313]
Event: 19.781 Thread 0x0000027f654ef4a0 Exception <a 'java/lang/ClassNotFoundException'{0x0000000084286348}: org/springframework/orm/jpa/vendor/AbstractJpaVendorAdapterCustomizer> (0x0000000084286348) 
thrown [s\open\src\hotspot\share\classfile\systemDictionary.cpp, line 313]
Event: 19.781 Thread 0x0000027f654ef4a0 Exception <a 'java/lang/ClassNotFoundException'{0x000000008429ec00}: org/springframework/orm/jpa/vendor/HibernateJpaVendorAdapterCustomizer> (0x000000008429ec00) 
thrown [s\open\src\hotspot\share\classfile\systemDictionary.cpp, line 313]
Event: 19.782 Thread 0x0000027f654ef4a0 Exception <a 'java/lang/ClassNotFoundException'{0x00000000842bda98}: org/springframework/orm/jpa/JpaVendorAdapterBeanInfo> (0x00000000842bda98) 
thrown [s\open\src\hotspot\share\classfile\systemDictionary.cpp, line 313]
Event: 19.782 Thread 0x0000027f654ef4a0 Exception <a 'java/lang/ClassNotFoundException'{0x00000000842c0620}: org/springframework/orm/jpa/JpaVendorAdapterCustomizer> (0x00000000842c0620) 
thrown [s\open\src\hotspot\share\classfile\systemDictionary.cpp, line 313]
Event: 19.784 Thread 0x0000027f654ef4a0 Exception <a 'java/lang/ClassNotFoundException'{0x00000000842e0cd0}: org/springframework/cache/jcache/JCacheManagerFactoryBeanBeanInfo> (0x00000000842e0cd0) 
thrown [s\open\src\hotspot\share\classfile\systemDictionary.cpp, line 313]
Event: 19.784 Thread 0x0000027f654ef4a0 Exception <a 'java/lang/ClassNotFoundException'{0x00000000842e4a70}: org/springframework/cache/jcache/JCacheManagerFactoryBeanCustomizer> (0x00000000842e4a70) 
thrown [s\open\src\hotspot\share\classfile\systemDictionary.cpp, line 313]
Event: 19.785 Thread 0x0000027f654ef4a0 Exception <a 'java/lang/ClassNotFoundException'{0x00000000842f44d0}: org/springframework/beans/factory/FactoryBeanBeanInfo> (0x00000000842f44d0) 
thrown [s\open\src\hotspot\share\classfile\systemDictionary.cpp, line 313]
Event: 19.785 Thread 0x0000027f654ef4a0 Exception <a 'java/lang/ClassNotFoundException'{0x00000000842f80e8}: org/springframework/beans/factory/FactoryBeanCustomizer> (0x00000000842f80e8) 
thrown [s\open\src\hotspot\share\classfile\systemDictionary.cpp, line 313]
Event: 19.785 Thread 0x0000027f654ef4a0 Exception <a 'java/lang/ClassNotFoundException'{0x00000000841006d8}: org/springframework/beans/factory/BeanClassLoaderAwareBeanInfo> (0x00000000841006d8) 
thrown [s\open\src\hotspot\share\classfile\systemDictionary.cpp, line 313]
Event: 19.785 Thread 0x0000027f654ef4a0 Exception <a 'java/lang/ClassNotFoundException'{0x0000000084104418}: org/springframework/beans/factory/BeanClassLoaderAwareCustomizer> (0x0000000084104418) 
thrown [s\open\src\hotspot\share\classfile\systemDictionary.cpp, line 313]
Event: 19.786 Thread 0x0000027f654ef4a0 Exception <a 'java/lang/ClassNotFoundException'{0x0000000084109440}: org/springframework/beans/factory/AwareBeanInfo> (0x0000000084109440) 
thrown [s\open\src\hotspot\share\classfile\systemDictionary.cpp, line 313]
Event: 19.786 Thread 0x0000027f654ef4a0 Exception <a 'java/lang/ClassNotFoundException'{0x000000008410cf80}: org/springframework/beans/factory/AwareCustomizer> (0x000000008410cf80) 
thrown [s\open\src\hotspot\share\classfile\systemDictionary.cpp, line 313]
Event: 19.786 Thread 0x0000027f654ef4a0 Exception <a 'java/lang/ClassNotFoundException'{0x0000000084110fb0}: org/springframework/beans/factory/InitializingBeanBeanInfo> (0x0000000084110fb0) 
thrown [s\open\src\hotspot\share\classfile\systemDictionary.cpp, line 313]
Event: 19.786 Thread 0x0000027f654ef4a0 Exception <a 'java/lang/ClassNotFoundException'{0x0000000084114c78}: org/springframework/beans/factory/InitializingBeanCustomizer> (0x0000000084114c78) 
thrown [s\open\src\hotspot\share\classfile\systemDictionary.cpp, line 313]
Event: 19.786 Thread 0x0000027f654ef4a0 Exception <a 'java/lang/ClassNotFoundException'{0x0000000084119680}: org/springframework/beans/factory/DisposableBeanBeanInfo> (0x0000000084119680) 
thrown [s\open\src\hotspot\share\classfile\systemDictionary.cpp, line 313]
Event: 19.786 Thread 0x0000027f654ef4a0 Exception <a 'java/lang/ClassNotFoundException'{0x000000008411d2d8}: org/springframework/beans/factory/DisposableBeanCustomizer> (0x000000008411d2d8) 
thrown [s\open\src\hotspot\share\classfile\systemDictionary.cpp, line 313]

ZGC Phase Switch (0 events):
No events

VM Operations (20 events):
Event: 16.399 Executing VM operation: G1CollectForAllocation (G1 Evacuation Pause) done
Event: 16.529 Executing VM operation: G1PauseRemark
Event: 16.541 Executing VM operation: G1PauseRemark done
Event: 16.554 Executing VM operation: G1PauseCleanup
Event: 16.554 Executing VM operation: G1PauseCleanup done
Event: 16.795 Executing VM operation: G1CollectForAllocation (G1 Evacuation Pause)
Event: 16.800 Executing VM operation: G1CollectForAllocation (G1 Evacuation Pause) done
Event: 17.721 Executing VM operation: G1CollectForAllocation (G1 Evacuation Pause)
Event: 17.728 Executing VM operation: G1CollectForAllocation (G1 Evacuation Pause) done
Event: 18.200 Executing VM operation: G1CollectForAllocation (G1 Evacuation Pause)
Event: 18.203 Executing VM operation: G1CollectForAllocation (G1 Evacuation Pause) done
Event: 18.459 Executing VM operation: G1PauseRemark
Event: 18.471 Executing VM operation: G1PauseRemark done
Event: 18.489 Executing VM operation: G1PauseCleanup
Event: 18.489 Executing VM operation: G1PauseCleanup done
Event: 19.426 Executing VM operation: G1CollectForAllocation (G1 Evacuation Pause)
Event: 19.430 Executing VM operation: G1CollectForAllocation (G1 Evacuation Pause) done
Event: 19.582 Executing VM operation: G1CollectForAllocation (G1 Evacuation Pause)
Event: 19.589 Executing VM operation: G1CollectForAllocation (G1 Evacuation Pause) done
Event: 19.820 Executing VM operation: G1CollectForAllocation (G1 Evacuation Pause)

Events (20 events):
Event: 18.471 Thread 0x0000027f7f12bf60 flushing nmethod 0x0000027f700a0490
Event: 18.471 Thread 0x0000027f7f12bf60 flushing nmethod 0x0000027f700d4910
Event: 18.471 Thread 0x0000027f7f12bf60 flushing nmethod 0x0000027f700d5810
Event: 18.471 Thread 0x0000027f7f12bf60 flushing nmethod 0x0000027f700d5d10
Event: 18.471 Thread 0x0000027f7f12bf60 flushing nmethod 0x0000027f700d7390
Event: 18.471 Thread 0x0000027f7f12bf60 flushing nmethod 0x0000027f700e3490
Event: 18.471 Thread 0x0000027f7f12bf60 flushing nmethod 0x0000027f700e3d90
Event: 18.471 Thread 0x0000027f7f12bf60 flushing nmethod 0x0000027f700fd410
Event: 18.471 Thread 0x0000027f7f12bf60 flushing nmethod 0x0000027f700fe310
Event: 18.471 Thread 0x0000027f7f12bf60 flushing nmethod 0x0000027f7010d210
Event: 18.471 Thread 0x0000027f7f12bf60 flushing nmethod 0x0000027f70163a90
Event: 18.471 Thread 0x0000027f7f12bf60 flushing nmethod 0x0000027f70164690
Event: 18.471 Thread 0x0000027f7f12bf60 flushing nmethod 0x0000027f70165a10
Event: 18.471 Thread 0x0000027f7f12bf60 flushing nmethod 0x0000027f7018b190
Event: 18.471 Thread 0x0000027f7f12bf60 flushing nmethod 0x0000027f701ade90
Event: 18.471 Thread 0x0000027f7f12bf60 flushing nmethod 0x0000027f701b7390
Event: 18.471 Thread 0x0000027f7f12bf60 flushing nmethod 0x0000027f701c7390
Event: 18.471 Thread 0x0000027f7f12bf60 flushing nmethod 0x0000027f701c9e90
Event: 18.471 Thread 0x0000027f7f12bf60 flushing nmethod 0x0000027f701caa90
Event: 18.471 Thread 0x0000027f7f12bf60 flushing nmethod 0x0000027f7055d390


Dynamic libraries:
0x00007ff60e110000 - 0x00007ff60e11e000 	D:\Java\openjdk-22_windows-x64_bin\jdk-22\bin\java.exe
0x00007ffc69530000 - 0x00007ffc69701000 	C:\Windows\SYSTEM32\ntdll.dll
0x00007ffc68eb0000 - 0x00007ffc68f5b000 	C:\Windows\System32\KERNEL32.DLL
0x00007ffc65db0000 - 0x00007ffc65fcd000 	C:\Windows\System32\KERNELBASE.dll
0x00007ffc669c0000 - 0x00007ffc66ab5000 	C:\Windows\System32\ucrtbase.dll
0x00007ffc63490000 - 0x00007ffc634a7000 	D:\Java\openjdk-22_windows-x64_bin\jdk-22\bin\jli.dll
0x00007ffc611f0000 - 0x00007ffc6120b000 	D:\Java\openjdk-22_windows-x64_bin\jdk-22\bin\VCRUNTIME140.dll
0x00007ffc69280000 - 0x00007ffc693e5000 	C:\Windows\System32\USER32.dll
0x00007ffc669a0000 - 0x00007ffc669be000 	C:\Windows\System32\win32u.dll
0x00007ffc66b20000 - 0x00007ffc66b54000 	C:\Windows\System32\GDI32.dll
0x00007ffc66810000 - 0x00007ffc66992000 	C:\Windows\System32\gdi32full.dll
0x00007ffc5de50000 - 0x00007ffc5e0ca000 	C:\Windows\WinSxS\amd64_microsoft.windows.common-controls_6595b64144ccf1df_6.0.14393.351_none_4213128bc687e6d3\COMCTL32.dll
0x00007ffc68bf0000 - 0x00007ffc68c8e000 	C:\Windows\System32\msvcrt.dll
0x00007ffc684f0000 - 0x00007ffc687b7000 	C:\Windows\System32\combase.dll
0x00007ffc681e0000 - 0x00007ffc68301000 	C:\Windows\System32\RPCRT4.dll
0x00007ffc660c0000 - 0x00007ffc6612a000 	C:\Windows\System32\bcryptPrimitives.dll
0x00007ffc68310000 - 0x00007ffc6833e000 	C:\Windows\System32\IMM32.DLL
0x00007ffc5e420000 - 0x00007ffc5e42c000 	D:\Java\openjdk-22_windows-x64_bin\jdk-22\bin\vcruntime140_1.dll
0x00007ffc5dbe0000 - 0x00007ffc5dc6e000 	D:\Java\openjdk-22_windows-x64_bin\jdk-22\bin\msvcp140.dll
0x00007ffc1f3e0000 - 0x00007ffc20128000 	D:\Java\openjdk-22_windows-x64_bin\jdk-22\bin\server\jvm.dll
0x00007ffc68c90000 - 0x00007ffc68d32000 	C:\Windows\System32\ADVAPI32.dll
0x00007ffc694d0000 - 0x00007ffc69529000 	C:\Windows\System32\sechost.dll
0x00007ffc65990000 - 0x00007ffc659dc000 	C:\Windows\System32\POWRPROF.dll
0x00007ffc68170000 - 0x00007ffc681da000 	C:\Windows\System32\WS2_32.dll
0x00007ffc63a70000 - 0x00007ffc63a93000 	C:\Windows\SYSTEM32\WINMM.dll
0x00007ffc5ffb0000 - 0x00007ffc5ffba000 	C:\Windows\SYSTEM32\VERSION.dll
0x00007ffc639d0000 - 0x00007ffc639fb000 	C:\Windows\SYSTEM32\WINMMBASE.dll
0x00007ffc66070000 - 0x00007ffc660b2000 	C:\Windows\System32\cfgmgr32.dll
0x00007ffc65a00000 - 0x00007ffc65a0f000 	C:\Windows\System32\kernel.appcore.dll
0x00007ffc5e410000 - 0x00007ffc5e41a000 	D:\Java\openjdk-22_windows-x64_bin\jdk-22\bin\jimage.dll
0x00007ffc55780000 - 0x00007ffc55912000 	C:\Windows\SYSTEM32\DBGHELP.DLL
0x00007ffc3d090000 - 0x00007ffc3d0b9000 	C:\Windows\SYSTEM32\dbgcore.DLL
0x00007ffc498a0000 - 0x00007ffc498af000 	D:\Java\openjdk-22_windows-x64_bin\jdk-22\bin\instrument.dll
0x00007ffc5e3e0000 - 0x00007ffc5e3fe000 	D:\Java\openjdk-22_windows-x64_bin\jdk-22\bin\java.dll
0x00007ffc66b60000 - 0x00007ffc68069000 	C:\Windows\System32\SHELL32.dll
0x00007ffc66130000 - 0x00007ffc6680a000 	C:\Windows\System32\windows.storage.dll
0x00007ffc69180000 - 0x00007ffc691d2000 	C:\Windows\System32\shlwapi.dll
0x00007ffc65ad0000 - 0x00007ffc65b79000 	C:\Windows\System32\shcore.dll
0x00007ffc659e0000 - 0x00007ffc659f4000 	C:\Windows\System32\profapi.dll
0x00007ffc68f60000 - 0x00007ffc69097000 	C:\Windows\System32\ole32.dll
0x00007ffc29fa0000 - 0x00007ffc2a077000 	D:\Java\openjdk-22_windows-x64_bin\jdk-22\bin\jsvml.dll
0x00007ffc5e3c0000 - 0x00007ffc5e3d7000 	D:\Java\openjdk-22_windows-x64_bin\jdk-22\bin\zip.dll
0x00007ffc5dbd0000 - 0x00007ffc5dbe0000 	D:\Java\openjdk-22_windows-x64_bin\jdk-22\bin\net.dll
0x00007ffc64f50000 - 0x00007ffc64fac000 	C:\Windows\system32\mswsock.dll
0x00007ffc20850000 - 0x00007ffc20866000 	D:\Java\openjdk-22_windows-x64_bin\jdk-22\bin\nio.dll
0x00007ffc21b60000 - 0x00007ffc21b7a000 	D:\profiles\User\AppData\Local\JetBrains\IntelliJ IDEA 2023.3.6\bin\breakgen64.dll
0x00007ffc5dbc0000 - 0x00007ffc5dbc9000 	D:\Java\openjdk-22_windows-x64_bin\jdk-22\bin\extnet.dll
0x00007ffc59760000 - 0x00007ffc59770000 	D:\Java\openjdk-22_windows-x64_bin\jdk-22\bin\verify.dll
0x00007ffc490a0000 - 0x00007ffc490aa000 	D:\Java\openjdk-22_windows-x64_bin\jdk-22\bin\management.dll
0x00007ffc489a0000 - 0x00007ffc489ab000 	D:\Java\openjdk-22_windows-x64_bin\jdk-22\bin\management_ext.dll
0x00007ffc690a0000 - 0x00007ffc690a8000 	C:\Windows\System32\PSAPI.DLL
0x00007ffc65400000 - 0x00007ffc65417000 	C:\Windows\SYSTEM32\CRYPTSP.dll
0x0000000052970000 - 0x0000000052981000 	C:\Program Files\Common Files\Crypto Pro\AppCompat\cpadvai.dll
0x00007ffc65b80000 - 0x00007ffc65d49000 	C:\Windows\System32\CRYPT32.dll
0x00007ffc65a10000 - 0x00007ffc65a20000 	C:\Windows\System32\MSASN1.dll
0x00000000529a0000 - 0x00000000529c0000 	C:\Program Files\Common Files\Crypto Pro\AppCompat\cpcrypt.dll
0x0000000052990000 - 0x0000000052997000 	C:\Program Files\Common Files\Crypto Pro\AppCompat\detoured.dll
0x00007ffc64e50000 - 0x00007ffc64e83000 	C:\Windows\system32\rsaenh.dll
0x00007ffc658d0000 - 0x00007ffc658fb000 	C:\Windows\SYSTEM32\bcrypt.dll
0x00007ffc64cd0000 - 0x00007ffc64cef000 	C:\Windows\SYSTEM32\USERENV.dll
0x00007ffc65420000 - 0x00007ffc6542b000 	C:\Windows\SYSTEM32\CRYPTBASE.dll
0x00007ffc64be0000 - 0x00007ffc64c18000 	C:\Windows\SYSTEM32\IPHLPAPI.DLL
0x00007ffc68340000 - 0x00007ffc68348000 	C:\Windows\System32\NSI.dll
0x00007ffc64c20000 - 0x00007ffc64cc0000 	C:\Windows\SYSTEM32\DNSAPI.dll
0x00007ffc5ca90000 - 0x00007ffc5ca9a000 	C:\Windows\System32\rasadhlp.dll
0x00007ffc5e440000 - 0x00007ffc5e4aa000 	C:\Windows\System32\fwpuclnt.dll

dbghelp: loaded successfully - version: 4.0.5 - missing functions: none
symbol engine: initialized successfully - sym options: 0x614 - pdb path: .;D:\Java\openjdk-22_windows-x64_bin\jdk-22\bin;C:\Windows\SYSTEM32;C:\Windows\WinSxS\amd64_microsoft.windows.common-controls_6595b64144ccf1df_6.0.14393.351_none_4213128bc687e6d3;D:\Java\openjdk-22_windows-x64_bin\jdk-22\bin\server;D:\profiles\User\AppData\Local\JetBrains\IntelliJ IDEA 2023.3.6\bin;C:\Program Files\Common Files\Crypto Pro\AppCompat

VM Arguments:
jvm_args: -ea -Dfile.encoding=UTF-8 -Didea.test.cyclic.buffer.size=1048576 -javaagent:D:\profiles\User\AppData\Local\JetBrains\IntelliJ IDEA 2023.3.6\lib\idea_rt.jar=57720:D:\profiles\User\AppData\Local\JetBrains\IntelliJ IDEA 2023.3.6\bin -Dsun.stdout.encoding=UTF-8 -Dsun.stderr.encoding=UTF-8 
java_command: com.intellij.rt.junit.JUnitStarter -ideVersion5 -junit4 ru.javawebinar.topjava.service.MealServiceTest
java_class_path (initial): D:\profiles\User\AppData\Local\JetBrains\IntelliJ IDEA 2023.3.6\lib\idea_rt.jar;D:\profiles\User\AppData\Local\JetBrains\IntelliJ IDEA 2023.3.6\plugins\junit\lib\junit5-rt.jar;D:\profiles\User\AppData\Local\JetBrains\IntelliJ IDEA 2023.3.6\plugins\junit\lib\junit-rt.jar;D:\Java\TopJava\topjava\target\test-classes;D:\Java\TopJava\topjava\target\classes;D:\profiles\User\.m2\repository\org\slf4j\slf4j-api\1.7.36\slf4j-api-1.7.36.jar;D:\profiles\User\.m2\repository\ch\qos\logback\logback-classic\1.2.13\logback-classic-1.2.13.jar;D:\profiles\User\.m2\repository\ch\qos\logback\logback-core\1.2.13\logback-core-1.2.13.jar;D:\profiles\User\.m2\repository\javax\annotation\javax.annotation-api\1.3.2\javax.annotation-api-1.3.2.jar;D:\profiles\User\.m2\repository\org\springframework\spring-context-support\5.3.32\spring-context-support-5.3.32.jar;D:\profiles\User\.m2\repository\org\springframework\spring-beans\5.3.32\spring-beans-5.3.32.jar;D:\profiles\User\.m2\repository\org\springframework\spring-context\5.3.32\spring-context-5.3.32.jar;D:\profiles\User\.m2\repository\org\springframework\spring-expression\5.3.32\spring-expression-5.3.32.jar;D:\profiles\User\.m2\repository\org\springframework\spring-core\5.3.32\spring-core-5.3.32.jar;D:\profiles\User\.m2\repository\org\springframework\spring-jcl\5.3.32\spring-jcl-5.3.32.jar;D:\profiles\User\.m2\repository\org\springframework\data\spring-data-jpa\2.7.18\spring-data-jpa-2.7.18.jar;D:\profiles\User\.m2\repository\org\springframework\data\spring-data-commons\2.7.18\spring-data-commons-2.7.18.jar;D:\profiles\User\.m2\repository\org\springframework\spring-orm\5.3.32\spring-orm-5.3.32.jar;D:\profiles\User\.m2\repository\org\springframework\spring-jdbc\5.3.32\spring-jdbc-5.3.32.jar;D:\profiles\User\.m2\repository\org\springframework\spring-aop\5.3.32\spring-aop-5.3.32.jar;D:\profiles\User\.m2\repository\org\springframework\spring-tx\5.3.32\spring-tx-5.3.32.jar;D:\profiles\User\.m2\repository\org\postgresql\postgresql\42.7.1\postgresql-42.7.1.jar;D:\profiles\User\.m2\repository\org\checkerframework\checker-qual\3.41.0\checker-qual-3.41.0.jar;D:\profiles\User\.m2\repository\org\hibernate\hibernate-core\5.6.15.Final\hibernate-core-5.6.15.Final.jar;D:\profiles\User\.m2\repository\org\jboss\logging\jboss-logging\3.4.3.Final\jboss-logging-3.4.3.Final.jar;D:\profiles\User\.m2\repository\javax\persistence\javax.persistence-api\2.2\javax.persistence-api-2.2.jar;D:\profiles\User\.m2\repository\net\bytebuddy\byte-buddy\1.12.18\byte-buddy-1.12.18.jar;D:\profiles\User\.m2\repository\antlr\antlr\2.7.7\antlr-2.7.7.jar;D:\profiles\User\.m2\repository\org\jboss\spec\javax\transaction\jboss-transaction-api_1.2_spec\1.1.1.Final\jboss-transaction-api_1.2_spec-1.1.1.Final.jar;D:\profiles\User\.m2\repository\org\jboss\jandex\2.4.2.Final\jandex-2.4.2.Final.jar;D:\profiles\User\.m2\repository\com\fasterxml\classmate\1.5.1\classmate-1.5.1.jar;D:\profiles\User\.m2\repository\javax\activation\javax.activation-api\1.2.0\javax.activation-api-1.2.0.jar;D:\profiles\User\.m2\repository\org\hibernate\common\hibernate-commons-annotations\5.1.2.Final\hibernate-commons-annotations-5.1.2.Final.jar;D:\profiles\User\.m2\repository\javax\xml\bind\jaxb-api\2.3.1\jaxb-api-2.3.1.jar;D:\profiles\User\.m2\repository\org\hibernate\validator\hibernate-validator\6.2.5.Final\hibernate-validator-6.2.5.Final.jar;D:\profiles\User\.m2\repository\jakarta\validation\jakarta.validation-api\2.0.2\jakarta.validation-api-2.0.2.jar;D:\profiles\User\.m2\repository\org\glassfish\javax.el\3.0.1-b12\javax.el-3.0.1-b12.jar;D:\profiles\User\.m2\repository\javax\cache\cache-api\1.1.0\cache-api-1.1.0.jar;D:\profiles\User\.m2\repository\org\ehcache\ehcache\3.10.8\ehcache-3.10.8.jar;D:\profiles\User\.m2\repository\org\glassfish\jaxb\jaxb-runtime\2.4.0-b180830.0438\jaxb-runtime-2.4.0-b180830.0438.jar;D:\profiles\User\.m2\repository\org\glassfish\jaxb\txw2\2.4.0-b180830.0438\txw2-2.4.0-b180830.0438.jar;D:\profiles\User\.m2\repository\com\sun\istack\istack-commons-runtime\3.0.7\istack-commons-runtime-3.0.7.jar;D:\profiles\User\.m2\repository\org\jvnet\staxex\stax-ex\1.8\stax-ex-1.8.jar;D:\profiles\User\.m2\repository\com\sun\xml\fastinfoset\FastInfoset\1.2.15\FastInfoset-1.2.15.jar;D:\profiles\User\.m2\repository\javax\servlet\javax.servlet-api\4.0.1\javax.servlet-api-4.0.1.jar;D:\profiles\User\.m2\repository\javax\servlet\jstl\1.2\jstl-1.2.jar;D:\profiles\User\.m2\repository\junit\junit\4.13.2\junit-4.13.2.jar;D:\profiles\User\.m2\repository\org\hamcrest\hamcrest-core\1.3\hamcrest-core-1.3.jar;D:\profiles\User\.m2\repository\org\springframework\spring-test\5.3.32\spring-test-5.3.32.jar;D:\profiles\User\.m2\repository\org\assertj\assertj-core\3.25.3\assertj-core-3.25.3.jar;D:\profiles\User\.m2\repository\org\apache\tomcat\tomcat-jdbc\9.0.86\tomcat-jdbc-9.0.86.jar;D:\profiles\User\.m2\repository\org\apache\tomcat\tomcat-juli\9.0.86\tomcat-juli-9.0.86.jar;D:\profiles\User\.m2\repository\org\slf4j\jul-to-slf4j\1.7.36\jul-to-slf4j-1.7.36.jar
Launcher Type: SUN_STANDARD

[Global flags]
     intx CICompilerCount                          = 2                                         {product} {ergonomic}
     uint ConcGCThreads                            = 1                                         {product} {ergonomic}
     uint G1ConcRefinementThreads                  = 2                                         {product} {ergonomic}
   size_t G1HeapRegionSize                         = 1048576                                   {product} {ergonomic}
   size_t InitialHeapSize                          = 132120576                                 {product} {ergonomic}
   size_t MarkStackSize                            = 4194304                                   {product} {ergonomic}
   size_t MaxHeapSize                              = 2113929216                                {product} {ergonomic}
   size_t MaxNewSize                               = 1267728384                                {product} {ergonomic}
   size_t MinHeapDeltaBytes                        = 1048576                                   {product} {ergonomic}
   size_t MinHeapSize                              = 8388608                                   {product} {ergonomic}
    uintx NonNMethodCodeHeapSize                   = 5826188                                {pd product} {ergonomic}
    uintx NonProfiledCodeHeapSize                  = 122916026                              {pd product} {ergonomic}
     bool PerfDisableSharedMem                     = true                                      {product} {ergonomic}
    uintx ProfiledCodeHeapSize                     = 122916026                              {pd product} {ergonomic}
    uintx ReservedCodeCacheSize                    = 251658240                              {pd product} {ergonomic}
     bool SegmentedCodeCache                       = true                                      {product} {ergonomic}
   size_t SoftMaxHeapSize                          = 2113929216                             {manageable} {ergonomic}
     bool UseCompressedOops                        = true                           {product lp64_product} {ergonomic}
     bool UseG1GC                                  = true                                      {product} {ergonomic}
     bool UseLargePagesIndividualAllocation        = false                                  {pd product} {ergonomic}

Logging:
Log output configuration:
 #0: stdout all=warning uptime,level,tags foldmultilines=false
 #1: stderr all=off uptime,level,tags foldmultilines=false

Environment Variables:
PATH=C:\ProgramData\Oracle\Java\javapath;C:\Windows\system32;C:\Windows;C:\Windows\System32\Wbem;C:\Windows\System32\WindowsPowerShell\v1.0\;D:\profiles\User\AppData\Local\Microsoft\WindowsApps;D:\profiles\User\AppData\Local\Programs\Git\cmd
USERNAME=User113
OS=Windows_NT
PROCESSOR_IDENTIFIER=Intel64 Family 6 Model 60 Stepping 3, GenuineIntel
TMP=J:\temp
TEMP=J:\temp




Periodic native trim disabled

---------------  S Y S T E M  ---------------

OS:
 Windows 10 , 64 bit Build 14393 (10.0.14393.0)
OS uptime: 0 days 7:31 hours

CPU: total 2 (initial active 2) (2 cores per cpu, 1 threads per core) family 6 model 60 stepping 3 microcode 0x1e, cx8, cmov, fxsr, mmx, sse, sse2, sse3, ssse3, sse4.1, sse4.2, popcnt, lzcnt, tsc, tscinvbit, erms, clmul, clflush, rdtscp
Processor Information for all 2 processors :
  Max Mhz: 3201, Current Mhz: 3201, Mhz Limit: 3201

Memory: 4k page, system-wide physical 8063M (24M free)
TotalPageFile size 12159M (AvailPageFile size 7M)
current process WorkingSet (physical memory assigned to process): 187M, peak: 204M
current process commit charge ("private bytes"): 231M, peak: 253M

vm_info: OpenJDK 64-Bit Server VM (22+36-2370) for windows-amd64 JRE (22+36-2370), built on 2024-02-15T22:15:19Z by "mach5one" with MS VC++ 17.6 (VS2022)

END.
