#
# There is insufficient memory for the Java Runtime Environment to continue.
# Native memory allocation (malloc) failed to allocate 222416 bytes. Error detail: Chunk::new
# Possible reasons:
#   The system is out of physical RAM or swap space
#   This process is running with CompressedOops enabled, and the Java Heap may be blocking the growth of the native heap
# Possible solutions:
#   Reduce memory load on the system
#   Increase physical memory or swap space
#   Check if swap backing store is full
#   Decrease Java heap size (-Xmx/-Xms)
#   Decrease number of Java threads
#   Decrease Java thread stack sizes (-Xss)
#   Set larger code cache with -XX:ReservedCodeCacheSize=
#   JVM is running with Unscaled Compressed Oops mode in which the Java heap is
#     placed in the first 4GB address space. The Java Heap base address is the
#     maximum limit for the native heap growth. Please use -XX:HeapBaseMinAddress
#     to set the Java Heap base and to place the Java Heap above 4GB virtual address.
# This output file may be truncated or incomplete.
#
#  Out of Memory Error (arena.cpp:150), pid=7892, tid=8060
#
# JRE version: OpenJDK Runtime Environment (22.0+36) (build 22+36-2370)
# Java VM: OpenJDK 64-Bit Server VM (22+36-2370, mixed mode, sharing, tiered, compressed oops, compressed class ptrs, g1 gc, windows-amd64)
# No core dump will be written. Minidumps are not enabled by default on client versions of Windows
#

---------------  S U M M A R Y ------------

Command Line: -agentlib:jdwp=transport=dt_socket,address=127.0.0.1:60294,suspend=y,server=n -ea -Dfile.encoding=UTF-8 -Didea.test.cyclic.buffer.size=1048576 -javaagent:D:\profiles\User\AppData\Local\JetBrains\IntelliJIdea2023.3\captureAgent\debugger-agent.jar -Dsun.stdout.encoding=UTF-8 -Dsun.stderr.encoding=UTF-8 com.intellij.rt.junit.JUnitStarter -ideVersion5 -junit4 ru.javawebinar.topjava.service.jdbc.JdbcUserServiceTest,getByEmail

Host: Intel(R) Pentium(R) CPU G3258 @ 3.20GHz, 2 cores, 7G,  Windows 10 , 64 bit Build 14393 (10.0.14393.0)
Time: Thu Jul  4 16:58:39 2024 RTZ 2 (зима) elapsed time: 4.689846 seconds (0d 0h 0m 4s)

---------------  T H R E A D  ---------------

Current thread (0x00000236a2231660):  JavaThread "C2 CompilerThread0" daemon [_thread_in_native, id=8060, stack(0x0000005cdc700000,0x0000005cdc800000) (1024K)]


Current CompileTask:
C2:4689 1057       4       jdk.internal.org.objectweb.asm.SymbolTable::addConstantUtf8 (98 bytes)

Stack: [0x0000005cdc700000,0x0000005cdc800000]
Native frames: (J=compiled Java code, j=interpreted, Vv=VM code, C=native code)
V  [jvm.dll+0x6e2349]  (no source info available)
V  [jvm.dll+0x874ed3]  (no source info available)
V  [jvm.dll+0x8772fe]  (no source info available)
V  [jvm.dll+0x8779d3]  (no source info available)
V  [jvm.dll+0x27fcb6]  (no source info available)
V  [jvm.dll+0xc3d0f]  (no source info available)
V  [jvm.dll+0xc3f6b]  (no source info available)
V  [jvm.dll+0x2f3b6f]  (no source info available)
V  [jvm.dll+0x60bd8a]  (no source info available)
V  [jvm.dll+0x250d2f]  (no source info available)
V  [jvm.dll+0x248e1e]  (no source info available)
V  [jvm.dll+0x246eb6]  (no source info available)
V  [jvm.dll+0x1c4e90]  (no source info available)
V  [jvm.dll+0x25699e]  (no source info available)
V  [jvm.dll+0x254c5a]  (no source info available)
V  [jvm.dll+0x3f5426]  (no source info available)
V  [jvm.dll+0x81d50b]  (no source info available)
V  [jvm.dll+0x6e09e5]  (no source info available)
C  [ucrtbase.dll+0x1cab0]  (no source info available)
C  [KERNEL32.DLL+0x8364]  (no source info available)
C  [ntdll.dll+0x65e91]  (no source info available)


---------------  P R O C E S S  ---------------

Threads class SMR info:
_java_thread_list=0x00000236a249f530, length=14, elements={
0x00000236845506b0, 0x00000236a22174f0, 0x00000236a22185c0, 0x00000236a2222450,
0x00000236a222d680, 0x00000236a222bc40, 0x00000236a222b5b0, 0x00000236a2231660,
0x00000236a2232470, 0x00000236a222c2d0, 0x00000236a242e570, 0x00000236a246df50,
0x00000236a2478570, 0x00000236a222dd10
}

Java Threads: ( => current thread )
  0x00000236845506b0 JavaThread "main"                              [_thread_in_vm, id=148, stack(0x0000005cdb900000,0x0000005cdba00000) (1024K)]
  0x00000236a22174f0 JavaThread "Reference Handler"          daemon [_thread_blocked, id=3860, stack(0x0000005cdc100000,0x0000005cdc200000) (1024K)]
  0x00000236a22185c0 JavaThread "Finalizer"                  daemon [_thread_blocked, id=7880, stack(0x0000005cdc200000,0x0000005cdc300000) (1024K)]
  0x00000236a2222450 JavaThread "Signal Dispatcher"          daemon [_thread_blocked, id=1876, stack(0x0000005cdc300000,0x0000005cdc400000) (1024K)]
  0x00000236a222d680 JavaThread "Attach Listener"            daemon [_thread_blocked, id=5052, stack(0x0000005cdc400000,0x0000005cdc500000) (1024K)]
  0x00000236a222bc40 JavaThread "Service Thread"             daemon [_thread_blocked, id=6208, stack(0x0000005cdc500000,0x0000005cdc600000) (1024K)]
  0x00000236a222b5b0 JavaThread "Monitor Deflation Thread"   daemon [_thread_blocked, id=7976, stack(0x0000005cdc600000,0x0000005cdc700000) (1024K)]
=>0x00000236a2231660 JavaThread "C2 CompilerThread0"         daemon [_thread_in_native, id=8060, stack(0x0000005cdc700000,0x0000005cdc800000) (1024K)]
  0x00000236a2232470 JavaThread "C1 CompilerThread0"         daemon [_thread_blocked, id=680, stack(0x0000005cdc800000,0x0000005cdc900000) (1024K)]
  0x00000236a222c2d0 JavaThread "Common-Cleaner"             daemon [_thread_blocked, id=1148, stack(0x0000005cdc900000,0x0000005cdca00000) (1024K)]
  0x00000236a242e570 JavaThread "JDWP Transport Listener: dt_socket" daemon [_thread_blocked, id=6164, stack(0x0000005cdca00000,0x0000005cdcb00000) (1024K)]
  0x00000236a246df50 JavaThread "JDWP Event Helper Thread"   daemon [_thread_blocked, id=6992, stack(0x0000005cdcb00000,0x0000005cdcc00000) (1024K)]
  0x00000236a2478570 JavaThread "JDWP Command Reader"        daemon [_thread_in_native, id=4808, stack(0x0000005cdcc00000,0x0000005cdcd00000) (1024K)]
  0x00000236a222dd10 JavaThread "Notification Thread"        daemon [_thread_blocked, id=476, stack(0x0000005cdcd00000,0x0000005cdce00000) (1024K)]
Total: 14

Other Threads:
  0x00000236a21fbd00 VMThread "VM Thread"                           [id=3684, stack(0x0000005cdc000000,0x0000005cdc100000) (1024K)]
  0x00000236a21e7070 WatcherThread "VM Periodic Task Thread"        [id=2288, stack(0x0000005cdbf00000,0x0000005cdc000000) (1024K)]
  0x0000023686644b00 WorkerThread "GC Thread#0"                     [id=1736, stack(0x0000005cdba00000,0x0000005cdbb00000) (1024K)]
  0x00000236a26d3870 WorkerThread "GC Thread#1"                     [id=5872, stack(0x0000005cdce00000,0x0000005cdcf00000) (1024K)]
  0x0000023686655600 ConcurrentGCThread "G1 Main Marker"            [id=7468, stack(0x0000005cdbb00000,0x0000005cdbc00000) (1024K)]
  0x0000023686656020 WorkerThread "G1 Conc#0"                       [id=7388, stack(0x0000005cdbc00000,0x0000005cdbd00000) (1024K)]
  0x00000236866be080 ConcurrentGCThread "G1 Refine#0"               [id=6156, stack(0x0000005cdbd00000,0x0000005cdbe00000) (1024K)]
  0x00000236866beb10 ConcurrentGCThread "G1 Service"                [id=6616, stack(0x0000005cdbe00000,0x0000005cdbf00000) (1024K)]
Total: 8

Threads with active compile tasks:
C2 CompilerThread0  4742 1057       4       jdk.internal.org.objectweb.asm.SymbolTable::addConstantUtf8 (98 bytes)
Total: 1

VM state: not at safepoint (normal execution)

VM Mutex/Monitor currently owned by a thread: None

Heap address: 0x0000000082000000, size: 2016 MB, Compressed Oops mode: 32-bit

CDS archive(s) mapped at: [0x00000236a3000000-0x00000236a3c50000-0x00000236a3c50000), size 12910592, SharedBaseAddress: 0x00000236a3000000, ArchiveRelocationMode: 1.
Compressed class space mapped at: 0x00000236a4000000-0x00000236e4000000, reserved size: 1073741824
Narrow klass base: 0x00000236a3000000, Narrow klass shift: 0, Narrow klass range: 0x41000000

GC Precious Log:
 CardTable entry size: 512
 Card Set container configuration: InlinePtr #cards 5 size 8 Array Of Cards #cards 12 size 40 Howl #buckets 4 coarsen threshold 1843 Howl Bitmap #cards 512 size 80 coarsen threshold 460 Card regions per heap region 1 cards per card region 2048
 CPUs: 2 total, 2 available
 Memory: 8063M
 Large Page Support: Disabled
 NUMA Support: Disabled
 Compressed Oops: Enabled (32-bit)
 Heap Region Size: 1M
 Heap Min Capacity: 8M
 Heap Initial Capacity: 126M
 Heap Max Capacity: 2016M
 Pre-touch: Disabled
 Parallel Workers: 2
 Concurrent Workers: 1
 Concurrent Refinement Workers: 2
 Periodic GC: Disabled

Heap:
 garbage-first heap   total reserved 2064384K, committed 129024K, used 12123K [0x0000000082000000, 0x0000000100000000)
  region size 1024K, 9 young (9216K), 1 survivors (1024K)
 Metaspace       used 5488K, committed 5632K, reserved 1114112K
  class space    used 697K, committed 768K, reserved 1048576K

Heap Regions: E=young(eden), S=young(survivor), O=old, HS=humongous(starts), HC=humongous(continues), CS=collection set, F=free, TAMS=top-at-mark-start, PB=parsable bottom
|   0|0x0000000082000000, 0x0000000082100000, 0x0000000082100000|100%|HS|  |TAMS 0x0000000082000000| PB 0x0000000082000000| Complete |  0
|   1|0x0000000082100000, 0x0000000082200000, 0x0000000082200000|100%| O|  |TAMS 0x0000000082100000| PB 0x0000000082100000| Untracked |  0
|   2|0x0000000082200000, 0x0000000082300000, 0x0000000082300000|100%| O|  |TAMS 0x0000000082200000| PB 0x0000000082200000| Untracked |  0
|   3|0x0000000082300000, 0x0000000082400000, 0x0000000082400000|100%| O|  |TAMS 0x0000000082300000| PB 0x0000000082300000| Untracked |  0
|   4|0x0000000082400000, 0x0000000082426630, 0x0000000082500000| 14%| O|  |TAMS 0x0000000082400000| PB 0x0000000082400000| Untracked |  0
|   5|0x0000000082500000, 0x0000000082500000, 0x0000000082600000|  0%| F|  |TAMS 0x0000000082500000| PB 0x0000000082500000| Untracked |  0
|   6|0x0000000082600000, 0x0000000082600000, 0x0000000082700000|  0%| F|  |TAMS 0x0000000082600000| PB 0x0000000082600000| Untracked |  0
|   7|0x0000000082700000, 0x0000000082700000, 0x0000000082800000|  0%| F|  |TAMS 0x0000000082700000| PB 0x0000000082700000| Untracked |  0
|   8|0x0000000082800000, 0x0000000082800000, 0x0000000082900000|  0%| F|  |TAMS 0x0000000082800000| PB 0x0000000082800000| Untracked |  0
|   9|0x0000000082900000, 0x0000000082900000, 0x0000000082a00000|  0%| F|  |TAMS 0x0000000082900000| PB 0x0000000082900000| Untracked |  0
|  10|0x0000000082a00000, 0x0000000082a00000, 0x0000000082b00000|  0%| F|  |TAMS 0x0000000082a00000| PB 0x0000000082a00000| Untracked |  0
|  11|0x0000000082b00000, 0x0000000082b00000, 0x0000000082c00000|  0%| F|  |TAMS 0x0000000082b00000| PB 0x0000000082b00000| Untracked |  0
|  12|0x0000000082c00000, 0x0000000082c00000, 0x0000000082d00000|  0%| F|  |TAMS 0x0000000082c00000| PB 0x0000000082c00000| Untracked |  0
|  13|0x0000000082d00000, 0x0000000082d00000, 0x0000000082e00000|  0%| F|  |TAMS 0x0000000082d00000| PB 0x0000000082d00000| Untracked |  0
|  14|0x0000000082e00000, 0x0000000082e00000, 0x0000000082f00000|  0%| F|  |TAMS 0x0000000082e00000| PB 0x0000000082e00000| Untracked |  0
|  15|0x0000000082f00000, 0x0000000082f00000, 0x0000000083000000|  0%| F|  |TAMS 0x0000000082f00000| PB 0x0000000082f00000| Untracked |  0
|  16|0x0000000083000000, 0x0000000083000000, 0x0000000083100000|  0%| F|  |TAMS 0x0000000083000000| PB 0x0000000083000000| Untracked |  0
|  17|0x0000000083100000, 0x0000000083100000, 0x0000000083200000|  0%| F|  |TAMS 0x0000000083100000| PB 0x0000000083100000| Untracked |  0
|  18|0x0000000083200000, 0x0000000083200000, 0x0000000083300000|  0%| F|  |TAMS 0x0000000083200000| PB 0x0000000083200000| Untracked |  0
|  19|0x0000000083300000, 0x0000000083300000, 0x0000000083400000|  0%| F|  |TAMS 0x0000000083300000| PB 0x0000000083300000| Untracked |  0
|  20|0x0000000083400000, 0x0000000083400000, 0x0000000083500000|  0%| F|  |TAMS 0x0000000083400000| PB 0x0000000083400000| Untracked |  0
|  21|0x0000000083500000, 0x0000000083500000, 0x0000000083600000|  0%| F|  |TAMS 0x0000000083500000| PB 0x0000000083500000| Untracked |  0
|  22|0x0000000083600000, 0x0000000083600000, 0x0000000083700000|  0%| F|  |TAMS 0x0000000083600000| PB 0x0000000083600000| Untracked |  0
|  23|0x0000000083700000, 0x0000000083700000, 0x0000000083800000|  0%| F|  |TAMS 0x0000000083700000| PB 0x0000000083700000| Untracked |  0
|  24|0x0000000083800000, 0x0000000083800000, 0x0000000083900000|  0%| F|  |TAMS 0x0000000083800000| PB 0x0000000083800000| Untracked |  0
|  25|0x0000000083900000, 0x0000000083900000, 0x0000000083a00000|  0%| F|  |TAMS 0x0000000083900000| PB 0x0000000083900000| Untracked |  0
|  26|0x0000000083a00000, 0x0000000083a00000, 0x0000000083b00000|  0%| F|  |TAMS 0x0000000083a00000| PB 0x0000000083a00000| Untracked |  0
|  27|0x0000000083b00000, 0x0000000083b00000, 0x0000000083c00000|  0%| F|  |TAMS 0x0000000083b00000| PB 0x0000000083b00000| Untracked |  0
|  28|0x0000000083c00000, 0x0000000083c00000, 0x0000000083d00000|  0%| F|  |TAMS 0x0000000083c00000| PB 0x0000000083c00000| Untracked |  0
|  29|0x0000000083d00000, 0x0000000083d00000, 0x0000000083e00000|  0%| F|  |TAMS 0x0000000083d00000| PB 0x0000000083d00000| Untracked |  0
|  30|0x0000000083e00000, 0x0000000083e00000, 0x0000000083f00000|  0%| F|  |TAMS 0x0000000083e00000| PB 0x0000000083e00000| Untracked |  0
|  31|0x0000000083f00000, 0x0000000083f00000, 0x0000000084000000|  0%| F|  |TAMS 0x0000000083f00000| PB 0x0000000083f00000| Untracked |  0
|  32|0x0000000084000000, 0x0000000084000000, 0x0000000084100000|  0%| F|  |TAMS 0x0000000084000000| PB 0x0000000084000000| Untracked |  0
|  33|0x0000000084100000, 0x0000000084100000, 0x0000000084200000|  0%| F|  |TAMS 0x0000000084100000| PB 0x0000000084100000| Untracked |  0
|  34|0x0000000084200000, 0x0000000084200000, 0x0000000084300000|  0%| F|  |TAMS 0x0000000084200000| PB 0x0000000084200000| Untracked |  0
|  35|0x0000000084300000, 0x0000000084300000, 0x0000000084400000|  0%| F|  |TAMS 0x0000000084300000| PB 0x0000000084300000| Untracked |  0
|  36|0x0000000084400000, 0x0000000084400000, 0x0000000084500000|  0%| F|  |TAMS 0x0000000084400000| PB 0x0000000084400000| Untracked |  0
|  37|0x0000000084500000, 0x0000000084500000, 0x0000000084600000|  0%| F|  |TAMS 0x0000000084500000| PB 0x0000000084500000| Untracked |  0
|  38|0x0000000084600000, 0x0000000084600000, 0x0000000084700000|  0%| F|  |TAMS 0x0000000084600000| PB 0x0000000084600000| Untracked |  0
|  39|0x0000000084700000, 0x0000000084700000, 0x0000000084800000|  0%| F|  |TAMS 0x0000000084700000| PB 0x0000000084700000| Untracked |  0
|  40|0x0000000084800000, 0x0000000084800000, 0x0000000084900000|  0%| F|  |TAMS 0x0000000084800000| PB 0x0000000084800000| Untracked |  0
|  41|0x0000000084900000, 0x0000000084900000, 0x0000000084a00000|  0%| F|  |TAMS 0x0000000084900000| PB 0x0000000084900000| Untracked |  0
|  42|0x0000000084a00000, 0x0000000084a00000, 0x0000000084b00000|  0%| F|  |TAMS 0x0000000084a00000| PB 0x0000000084a00000| Untracked |  0
|  43|0x0000000084b00000, 0x0000000084b00000, 0x0000000084c00000|  0%| F|  |TAMS 0x0000000084b00000| PB 0x0000000084b00000| Untracked |  0
|  44|0x0000000084c00000, 0x0000000084c00000, 0x0000000084d00000|  0%| F|  |TAMS 0x0000000084c00000| PB 0x0000000084c00000| Untracked |  0
|  45|0x0000000084d00000, 0x0000000084d00000, 0x0000000084e00000|  0%| F|  |TAMS 0x0000000084d00000| PB 0x0000000084d00000| Untracked |  0
|  46|0x0000000084e00000, 0x0000000084e00000, 0x0000000084f00000|  0%| F|  |TAMS 0x0000000084e00000| PB 0x0000000084e00000| Untracked |  0
|  47|0x0000000084f00000, 0x0000000084f00000, 0x0000000085000000|  0%| F|  |TAMS 0x0000000084f00000| PB 0x0000000084f00000| Untracked |  0
|  48|0x0000000085000000, 0x0000000085000000, 0x0000000085100000|  0%| F|  |TAMS 0x0000000085000000| PB 0x0000000085000000| Untracked |  0
|  49|0x0000000085100000, 0x0000000085100000, 0x0000000085200000|  0%| F|  |TAMS 0x0000000085100000| PB 0x0000000085100000| Untracked |  0
|  50|0x0000000085200000, 0x0000000085200000, 0x0000000085300000|  0%| F|  |TAMS 0x0000000085200000| PB 0x0000000085200000| Untracked |  0
|  51|0x0000000085300000, 0x0000000085300000, 0x0000000085400000|  0%| F|  |TAMS 0x0000000085300000| PB 0x0000000085300000| Untracked |  0
|  52|0x0000000085400000, 0x0000000085400000, 0x0000000085500000|  0%| F|  |TAMS 0x0000000085400000| PB 0x0000000085400000| Untracked |  0
|  53|0x0000000085500000, 0x0000000085500000, 0x0000000085600000|  0%| F|  |TAMS 0x0000000085500000| PB 0x0000000085500000| Untracked |  0
|  54|0x0000000085600000, 0x0000000085600000, 0x0000000085700000|  0%| F|  |TAMS 0x0000000085600000| PB 0x0000000085600000| Untracked |  0
|  55|0x0000000085700000, 0x0000000085700000, 0x0000000085800000|  0%| F|  |TAMS 0x0000000085700000| PB 0x0000000085700000| Untracked |  0
|  56|0x0000000085800000, 0x0000000085800000, 0x0000000085900000|  0%| F|  |TAMS 0x0000000085800000| PB 0x0000000085800000| Untracked |  0
|  57|0x0000000085900000, 0x0000000085900000, 0x0000000085a00000|  0%| F|  |TAMS 0x0000000085900000| PB 0x0000000085900000| Untracked |  0
|  58|0x0000000085a00000, 0x0000000085a00000, 0x0000000085b00000|  0%| F|  |TAMS 0x0000000085a00000| PB 0x0000000085a00000| Untracked |  0
|  59|0x0000000085b00000, 0x0000000085b00000, 0x0000000085c00000|  0%| F|  |TAMS 0x0000000085b00000| PB 0x0000000085b00000| Untracked |  0
|  60|0x0000000085c00000, 0x0000000085c00000, 0x0000000085d00000|  0%| F|  |TAMS 0x0000000085c00000| PB 0x0000000085c00000| Untracked |  0
|  61|0x0000000085d00000, 0x0000000085d00000, 0x0000000085e00000|  0%| F|  |TAMS 0x0000000085d00000| PB 0x0000000085d00000| Untracked |  0
|  62|0x0000000085e00000, 0x0000000085e00000, 0x0000000085f00000|  0%| F|  |TAMS 0x0000000085e00000| PB 0x0000000085e00000| Untracked |  0
|  63|0x0000000085f00000, 0x0000000085f00000, 0x0000000086000000|  0%| F|  |TAMS 0x0000000085f00000| PB 0x0000000085f00000| Untracked |  0
|  64|0x0000000086000000, 0x0000000086000000, 0x0000000086100000|  0%| F|  |TAMS 0x0000000086000000| PB 0x0000000086000000| Untracked |  0
|  65|0x0000000086100000, 0x0000000086100000, 0x0000000086200000|  0%| F|  |TAMS 0x0000000086100000| PB 0x0000000086100000| Untracked |  0
|  66|0x0000000086200000, 0x0000000086200000, 0x0000000086300000|  0%| F|  |TAMS 0x0000000086200000| PB 0x0000000086200000| Untracked |  0
|  67|0x0000000086300000, 0x0000000086300000, 0x0000000086400000|  0%| F|  |TAMS 0x0000000086300000| PB 0x0000000086300000| Untracked |  0
|  68|0x0000000086400000, 0x0000000086400000, 0x0000000086500000|  0%| F|  |TAMS 0x0000000086400000| PB 0x0000000086400000| Untracked |  0
|  69|0x0000000086500000, 0x0000000086500000, 0x0000000086600000|  0%| F|  |TAMS 0x0000000086500000| PB 0x0000000086500000| Untracked |  0
|  70|0x0000000086600000, 0x0000000086600000, 0x0000000086700000|  0%| F|  |TAMS 0x0000000086600000| PB 0x0000000086600000| Untracked |  0
|  71|0x0000000086700000, 0x0000000086700000, 0x0000000086800000|  0%| F|  |TAMS 0x0000000086700000| PB 0x0000000086700000| Untracked |  0
|  72|0x0000000086800000, 0x0000000086800000, 0x0000000086900000|  0%| F|  |TAMS 0x0000000086800000| PB 0x0000000086800000| Untracked |  0
|  73|0x0000000086900000, 0x0000000086900000, 0x0000000086a00000|  0%| F|  |TAMS 0x0000000086900000| PB 0x0000000086900000| Untracked |  0
|  74|0x0000000086a00000, 0x0000000086a00000, 0x0000000086b00000|  0%| F|  |TAMS 0x0000000086a00000| PB 0x0000000086a00000| Untracked |  0
|  75|0x0000000086b00000, 0x0000000086b00000, 0x0000000086c00000|  0%| F|  |TAMS 0x0000000086b00000| PB 0x0000000086b00000| Untracked |  0
|  76|0x0000000086c00000, 0x0000000086c00000, 0x0000000086d00000|  0%| F|  |TAMS 0x0000000086c00000| PB 0x0000000086c00000| Untracked |  0
|  77|0x0000000086d00000, 0x0000000086d00000, 0x0000000086e00000|  0%| F|  |TAMS 0x0000000086d00000| PB 0x0000000086d00000| Untracked |  0
|  78|0x0000000086e00000, 0x0000000086e00000, 0x0000000086f00000|  0%| F|  |TAMS 0x0000000086e00000| PB 0x0000000086e00000| Untracked |  0
|  79|0x0000000086f00000, 0x0000000086f00000, 0x0000000087000000|  0%| F|  |TAMS 0x0000000086f00000| PB 0x0000000086f00000| Untracked |  0
|  80|0x0000000087000000, 0x0000000087000000, 0x0000000087100000|  0%| F|  |TAMS 0x0000000087000000| PB 0x0000000087000000| Untracked |  0
|  81|0x0000000087100000, 0x0000000087100000, 0x0000000087200000|  0%| F|  |TAMS 0x0000000087100000| PB 0x0000000087100000| Untracked |  0
|  82|0x0000000087200000, 0x0000000087200000, 0x0000000087300000|  0%| F|  |TAMS 0x0000000087200000| PB 0x0000000087200000| Untracked |  0
|  83|0x0000000087300000, 0x0000000087300000, 0x0000000087400000|  0%| F|  |TAMS 0x0000000087300000| PB 0x0000000087300000| Untracked |  0
|  84|0x0000000087400000, 0x0000000087400000, 0x0000000087500000|  0%| F|  |TAMS 0x0000000087400000| PB 0x0000000087400000| Untracked |  0
|  85|0x0000000087500000, 0x0000000087500000, 0x0000000087600000|  0%| F|  |TAMS 0x0000000087500000| PB 0x0000000087500000| Untracked |  0
|  86|0x0000000087600000, 0x0000000087600000, 0x0000000087700000|  0%| F|  |TAMS 0x0000000087600000| PB 0x0000000087600000| Untracked |  0
|  87|0x0000000087700000, 0x0000000087700000, 0x0000000087800000|  0%| F|  |TAMS 0x0000000087700000| PB 0x0000000087700000| Untracked |  0
|  88|0x0000000087800000, 0x0000000087800000, 0x0000000087900000|  0%| F|  |TAMS 0x0000000087800000| PB 0x0000000087800000| Untracked |  0
|  89|0x0000000087900000, 0x0000000087900000, 0x0000000087a00000|  0%| F|  |TAMS 0x0000000087900000| PB 0x0000000087900000| Untracked |  0
|  90|0x0000000087a00000, 0x0000000087a00000, 0x0000000087b00000|  0%| F|  |TAMS 0x0000000087a00000| PB 0x0000000087a00000| Untracked |  0
|  91|0x0000000087b00000, 0x0000000087b00000, 0x0000000087c00000|  0%| F|  |TAMS 0x0000000087b00000| PB 0x0000000087b00000| Untracked |  0
|  92|0x0000000087c00000, 0x0000000087c00000, 0x0000000087d00000|  0%| F|  |TAMS 0x0000000087c00000| PB 0x0000000087c00000| Untracked |  0
|  93|0x0000000087d00000, 0x0000000087d00000, 0x0000000087e00000|  0%| F|  |TAMS 0x0000000087d00000| PB 0x0000000087d00000| Untracked |  0
|  94|0x0000000087e00000, 0x0000000087e00000, 0x0000000087f00000|  0%| F|  |TAMS 0x0000000087e00000| PB 0x0000000087e00000| Untracked |  0
|  95|0x0000000087f00000, 0x0000000087f00000, 0x0000000088000000|  0%| F|  |TAMS 0x0000000087f00000| PB 0x0000000087f00000| Untracked |  0
|  96|0x0000000088000000, 0x0000000088000000, 0x0000000088100000|  0%| F|  |TAMS 0x0000000088000000| PB 0x0000000088000000| Untracked |  0
|  97|0x0000000088100000, 0x0000000088100000, 0x0000000088200000|  0%| F|  |TAMS 0x0000000088100000| PB 0x0000000088100000| Untracked |  0
|  98|0x0000000088200000, 0x0000000088200000, 0x0000000088300000|  0%| F|  |TAMS 0x0000000088200000| PB 0x0000000088200000| Untracked |  0
|  99|0x0000000088300000, 0x0000000088300000, 0x0000000088400000|  0%| F|  |TAMS 0x0000000088300000| PB 0x0000000088300000| Untracked |  0
| 100|0x0000000088400000, 0x0000000088400000, 0x0000000088500000|  0%| F|  |TAMS 0x0000000088400000| PB 0x0000000088400000| Untracked |  0
| 101|0x0000000088500000, 0x0000000088500000, 0x0000000088600000|  0%| F|  |TAMS 0x0000000088500000| PB 0x0000000088500000| Untracked |  0
| 102|0x0000000088600000, 0x0000000088600000, 0x0000000088700000|  0%| F|  |TAMS 0x0000000088600000| PB 0x0000000088600000| Untracked |  0
| 103|0x0000000088700000, 0x0000000088700000, 0x0000000088800000|  0%| F|  |TAMS 0x0000000088700000| PB 0x0000000088700000| Untracked |  0
| 104|0x0000000088800000, 0x0000000088800000, 0x0000000088900000|  0%| F|  |TAMS 0x0000000088800000| PB 0x0000000088800000| Untracked |  0
| 105|0x0000000088900000, 0x0000000088900000, 0x0000000088a00000|  0%| F|  |TAMS 0x0000000088900000| PB 0x0000000088900000| Untracked |  0
| 106|0x0000000088a00000, 0x0000000088a00000, 0x0000000088b00000|  0%| F|  |TAMS 0x0000000088a00000| PB 0x0000000088a00000| Untracked |  0
| 107|0x0000000088b00000, 0x0000000088b00000, 0x0000000088c00000|  0%| F|  |TAMS 0x0000000088b00000| PB 0x0000000088b00000| Untracked |  0
| 108|0x0000000088c00000, 0x0000000088c00000, 0x0000000088d00000|  0%| F|  |TAMS 0x0000000088c00000| PB 0x0000000088c00000| Untracked |  0
| 109|0x0000000088d00000, 0x0000000088d00000, 0x0000000088e00000|  0%| F|  |TAMS 0x0000000088d00000| PB 0x0000000088d00000| Untracked |  0
| 110|0x0000000088e00000, 0x0000000088e00000, 0x0000000088f00000|  0%| F|  |TAMS 0x0000000088e00000| PB 0x0000000088e00000| Untracked |  0
| 111|0x0000000088f00000, 0x0000000088f00000, 0x0000000089000000|  0%| F|  |TAMS 0x0000000088f00000| PB 0x0000000088f00000| Untracked |  0
| 112|0x0000000089000000, 0x0000000089000000, 0x0000000089100000|  0%| F|  |TAMS 0x0000000089000000| PB 0x0000000089000000| Untracked |  0
| 113|0x0000000089100000, 0x0000000089100000, 0x0000000089200000|  0%| F|  |TAMS 0x0000000089100000| PB 0x0000000089100000| Untracked |  0
| 114|0x0000000089200000, 0x0000000089200000, 0x0000000089300000|  0%| F|  |TAMS 0x0000000089200000| PB 0x0000000089200000| Untracked |  0
| 115|0x0000000089300000, 0x0000000089300000, 0x0000000089400000|  0%| F|  |TAMS 0x0000000089300000| PB 0x0000000089300000| Untracked |  0
| 116|0x0000000089400000, 0x0000000089400000, 0x0000000089500000|  0%| F|  |TAMS 0x0000000089400000| PB 0x0000000089400000| Untracked |  0
| 117|0x0000000089500000, 0x000000008954bb48, 0x0000000089600000| 29%| E|  |TAMS 0x0000000089500000| PB 0x0000000089500000| Complete |  0
| 118|0x0000000089600000, 0x0000000089700000, 0x0000000089700000|100%| E|CS|TAMS 0x0000000089600000| PB 0x0000000089600000| Complete |  0
| 119|0x0000000089700000, 0x0000000089800000, 0x0000000089800000|100%| E|CS|TAMS 0x0000000089700000| PB 0x0000000089700000| Complete |  0
| 120|0x0000000089800000, 0x00000000898b0730, 0x0000000089900000| 68%| S|CS|TAMS 0x0000000089800000| PB 0x0000000089800000| Complete |  0
| 121|0x0000000089900000, 0x0000000089a00000, 0x0000000089a00000|100%| E|CS|TAMS 0x0000000089900000| PB 0x0000000089900000| Complete |  0
| 122|0x0000000089a00000, 0x0000000089b00000, 0x0000000089b00000|100%| E|CS|TAMS 0x0000000089a00000| PB 0x0000000089a00000| Complete |  0
| 123|0x0000000089b00000, 0x0000000089c00000, 0x0000000089c00000|100%| E|CS|TAMS 0x0000000089b00000| PB 0x0000000089b00000| Complete |  0
| 124|0x0000000089c00000, 0x0000000089d00000, 0x0000000089d00000|100%| E|CS|TAMS 0x0000000089c00000| PB 0x0000000089c00000| Complete |  0
| 125|0x0000000089d00000, 0x0000000089e00000, 0x0000000089e00000|100%| E|CS|TAMS 0x0000000089d00000| PB 0x0000000089d00000| Complete |  0

Card table byte_map: [0x000002369dd30000,0x000002369e120000] _byte_map_base: 0x000002369d920000

Marking Bits: (CMBitMap*) 0x0000023686645120
 Bits: [0x000002369e120000, 0x00000236a00a0000)

Polling page: 0x0000023685dc0000

Metaspace:

Usage:
  Non-class:      4.69 MB used.
      Class:    707.02 KB used.
       Both:      5.38 MB used.

Virtual space:
  Non-class space:       64.00 MB reserved,       4.81 MB (  8%) committed,  1 nodes.
      Class space:        1.00 GB reserved,     768.00 KB ( <1%) committed,  1 nodes.
             Both:        1.06 GB reserved,       5.56 MB ( <1%) committed. 

Chunk freelists:
   Non-Class:  10.42 MB
       Class:  15.27 MB
        Both:  25.69 MB

MaxMetaspaceSize: unlimited
CompressedClassSpaceSize: 1.00 GB
Initial GC threshold: 21.00 MB
Current GC threshold: 21.00 MB
CDS: on
 - commit_granule_bytes: 65536.
 - commit_granule_words: 8192.
 - virtual_space_node_default_size: 8388608.
 - enlarge_chunks_in_place: 1.
 - use_allocation_guard: 0.


Internal statistics:

num_allocs_failed_limit: 0.
num_arena_births: 148.
num_arena_deaths: 0.
num_vsnodes_births: 2.
num_vsnodes_deaths: 0.
num_space_committed: 89.
num_space_uncommitted: 0.
num_chunks_returned_to_freelist: 0.
num_chunks_taken_from_freelist: 265.
num_chunk_merges: 0.
num_chunk_splits: 166.
num_chunks_enlarged: 98.
num_inconsistent_stats: 0.

CodeHeap 'non-profiled nmethods': size=120064Kb used=368Kb max_used=368Kb free=119695Kb
 bounds [0x0000023696400000, 0x0000023696670000, 0x000002369d940000]
CodeHeap 'profiled nmethods': size=120000Kb used=2004Kb max_used=2004Kb free=117995Kb
 bounds [0x000002368e940000, 0x000002368ebb0000, 0x0000023695e70000]
CodeHeap 'non-nmethods': size=5696Kb used=1424Kb max_used=1442Kb free=4271Kb
 bounds [0x0000023695e70000, 0x00000236960e0000, 0x0000023696400000]
 total_blobs=1566 nmethods=1108 adapters=364
 compilation: enabled
              stopped_count=0, restarted_count=0
 full_count=0

Compilation events (20 events):
Event: 4.679 Thread 0x00000236a2232470 nmethod 1044 0x000002368eb13510 code [0x000002368eb13860, 0x000002368eb14868]
Event: 4.679 Thread 0x00000236a2232470 1046   !   3       jdk.internal.loader.Resource::getBytes (244 bytes)
Event: 4.680 Thread 0x00000236a2232470 nmethod 1046 0x000002368eb14e90 code [0x000002368eb151c0, 0x000002368eb16a90]
Event: 4.680 Thread 0x00000236a2232470 1045       3       java.lang.ClassLoader::getDefinedPackage (36 bytes)
Event: 4.680 Thread 0x00000236a2232470 nmethod 1045 0x000002368eb17490 code [0x000002368eb17680, 0x000002368eb17be8]
Event: 4.680 Thread 0x00000236a2232470 1047       3       java.security.SecureClassLoader::getProtectionDomain (37 bytes)
Event: 4.680 Thread 0x00000236a2232470 nmethod 1047 0x000002368eb17e10 code [0x000002368eb18000, 0x000002368eb18678]
Event: 4.680 Thread 0x00000236a2232470 1048       3       java.security.SecureClassLoader$CodeSourceKey::<init> (10 bytes)
Event: 4.680 Thread 0x00000236a2232470 nmethod 1048 0x000002368eb18890 code [0x000002368eb18a40, 0x000002368eb18c60]
Event: 4.680 Thread 0x00000236a2232470 1049       3       java.security.SecureClassLoader$1::<init> (10 bytes)
Event: 4.681 Thread 0x00000236a2232470 nmethod 1049 0x000002368eb18d10 code [0x000002368eb18ea0, 0x000002368eb19068]
Event: 4.683 Thread 0x00000236a2232470 1054       3       jdk.internal.org.objectweb.asm.MethodWriter::visitFrameEnd (53 bytes)
Event: 4.683 Thread 0x00000236a2232470 nmethod 1054 0x000002368eb19110 code [0x000002368eb192e0, 0x000002368eb197b0]
Event: 4.683 Thread 0x00000236a2232470 1055       3       java.lang.invoke.LambdaForm$Name::replaceNames (175 bytes)
Event: 4.683 Thread 0x00000236a2231660 1057       4       jdk.internal.org.objectweb.asm.SymbolTable::addConstantUtf8 (98 bytes)
Event: 4.684 Thread 0x00000236a2232470 nmethod 1055 0x000002368eb19910 code [0x000002368eb19b40, 0x000002368eb1a698]
Event: 4.684 Thread 0x00000236a2232470 1058       3       jdk.internal.org.objectweb.asm.MethodWriter::visitFrameStart (55 bytes)
Event: 4.684 Thread 0x00000236a2232470 nmethod 1058 0x000002368eb1aa90 code [0x000002368eb1ac40, 0x000002368eb1af38]
Event: 4.684 Thread 0x00000236a2232470 1061       3       java.lang.invoke.MethodHandleStatics::dumper (4 bytes)
Event: 4.685 Thread 0x00000236a2232470 nmethod 1061 0x000002368eb1b090 code [0x000002368eb1b220, 0x000002368eb1b318]

GC Heap History (4 events):
Event: 3.762 GC heap before
{Heap before GC invocations=0 (full 0):
 garbage-first heap   total reserved 2064384K, committed 129024K, used 7168K [0x0000000082000000, 0x0000000100000000)
  region size 1024K, 7 young (7168K), 0 survivors (0K)
 Metaspace       used 1133K, committed 1280K, reserved 1114112K
  class space    used 99K, committed 192K, reserved 1048576K
}
Event: 3.767 GC heap after
{Heap after GC invocations=1 (full 0):
 garbage-first heap   total reserved 2064384K, committed 129024K, used 4288K [0x0000000082000000, 0x0000000100000000)
  region size 1024K, 1 young (1024K), 1 survivors (1024K)
 Metaspace       used 1133K, committed 1280K, reserved 1114112K
  class space    used 99K, committed 192K, reserved 1048576K
}
Event: 4.372 GC heap before
{Heap before GC invocations=1 (full 0):
 garbage-first heap   total reserved 2064384K, committed 129024K, used 8384K [0x0000000082000000, 0x0000000100000000)
  region size 1024K, 6 young (6144K), 1 survivors (1024K)
 Metaspace       used 2802K, committed 3008K, reserved 1114112K
  class space    used 287K, committed 384K, reserved 1048576K
}
Event: 4.375 GC heap after
{Heap after GC invocations=2 (full 0):
 garbage-first heap   total reserved 2064384K, committed 129024K, used 4955K [0x0000000082000000, 0x0000000100000000)
  region size 1024K, 1 young (1024K), 1 survivors (1024K)
 Metaspace       used 2802K, committed 3008K, reserved 1114112K
  class space    used 287K, committed 384K, reserved 1048576K
}

Dll operation events (9 events):
Event: 0.929 Loaded shared library D:\Java\openjdk-22_windows-x64_bin\jdk-22\bin\java.dll
Event: 0.930 Loaded shared library D:\Java\openjdk-22_windows-x64_bin\jdk-22\bin\zip.dll
Event: 0.953 Loaded shared library D:\Java\openjdk-22_windows-x64_bin\jdk-22\bin\jsvml.dll
Event: 1.289 Loaded shared library D:\Java\openjdk-22_windows-x64_bin\jdk-22\bin\instrument.dll
Event: 1.377 Loaded shared library D:\Java\openjdk-22_windows-x64_bin\jdk-22\bin\net.dll
Event: 1.378 Loaded shared library D:\Java\openjdk-22_windows-x64_bin\jdk-22\bin\nio.dll
Event: 1.396 Loaded shared library D:\Java\openjdk-22_windows-x64_bin\jdk-22\bin\zip.dll
Event: 3.335 Loaded shared library D:\Java\openjdk-22_windows-x64_bin\jdk-22\bin\verify.dll
Event: 4.210 Loaded shared library D:\Java\openjdk-22_windows-x64_bin\jdk-22\bin\jimage.dll

Deoptimization events (20 events):
Event: 4.217 Thread 0x00000236845506b0 Uncommon trap: trap_request=0xffffff45 fr.pc=0x000002369641d274 relative=0x0000000000000074
Event: 4.217 Thread 0x00000236845506b0 Uncommon trap: reason=unstable_if action=reinterpret pc=0x000002369641d274 method=java.io.WinNTFileSystem.isSlash(C)Z @ 9 c2
Event: 4.217 Thread 0x00000236845506b0 DEOPT PACKING pc=0x000002369641d274 sp=0x0000005cdb9fd800
Event: 4.217 Thread 0x00000236845506b0 DEOPT UNPACKING pc=0x0000023695ec469c sp=0x0000005cdb9fd798 mode 2
Event: 4.220 Thread 0x00000236845506b0 DEOPT PACKING pc=0x000002368e9a7843 sp=0x0000005cdb9fca40
Event: 4.220 Thread 0x00000236845506b0 DEOPT UNPACKING pc=0x0000023695ec4e23 sp=0x0000005cdb9fbf00 mode 0
Event: 4.228 Thread 0x00000236845506b0 DEOPT PACKING pc=0x000002368e9b0d0f sp=0x0000005cdb9f96a0
Event: 4.228 Thread 0x00000236845506b0 DEOPT UNPACKING pc=0x0000023695ec4e23 sp=0x0000005cdb9f8b00 mode 0
Event: 4.294 Thread 0x00000236845506b0 Uncommon trap: trap_request=0xffffff6e fr.pc=0x0000023696431e4c relative=0x000000000000040c
Event: 4.294 Thread 0x00000236845506b0 Uncommon trap: reason=loop_limit_check action=maybe_recompile pc=0x0000023696431e4c method=java.lang.StringLatin1.indexOf([BI[BII)I @ 37 c2
Event: 4.294 Thread 0x00000236845506b0 DEOPT PACKING pc=0x0000023696431e4c sp=0x0000005cdb9fc850
Event: 4.294 Thread 0x00000236845506b0 DEOPT UNPACKING pc=0x0000023695ec469c sp=0x0000005cdb9fc7b0 mode 2
Event: 4.306 Thread 0x00000236845506b0 Uncommon trap: trap_request=0xffffff6e fr.pc=0x0000023696429f88 relative=0x0000000000000168
Event: 4.306 Thread 0x00000236845506b0 Uncommon trap: reason=loop_limit_check action=maybe_recompile pc=0x0000023696429f88 method=java.lang.StringLatin1.lastIndexOf([BII)I @ 19 c2
Event: 4.306 Thread 0x00000236845506b0 DEOPT PACKING pc=0x0000023696429f88 sp=0x0000005cdb9fc920
Event: 4.306 Thread 0x00000236845506b0 DEOPT UNPACKING pc=0x0000023695ec469c sp=0x0000005cdb9fc8a0 mode 2
Event: 4.375 Thread 0x00000236a22174f0 Uncommon trap: trap_request=0xffffff45 fr.pc=0x0000023696437cf8 relative=0x0000000000000158
Event: 4.375 Thread 0x00000236a22174f0 Uncommon trap: reason=unstable_if action=reinterpret pc=0x0000023696437cf8 method=java.util.concurrent.locks.ReentrantLock$NonfairSync.initialTryLock()Z @ 10 c2
Event: 4.375 Thread 0x00000236a22174f0 DEOPT PACKING pc=0x0000023696437cf8 sp=0x0000005cdc1ff100
Event: 4.375 Thread 0x00000236a22174f0 DEOPT UNPACKING pc=0x0000023695ec469c sp=0x0000005cdc1ff0a8 mode 2

Classes loaded (20 events):
Event: 4.675 Loading class ch/qos/logback/core/subst/Tokenizer$TokenizerState
Event: 4.675 Loading class ch/qos/logback/core/subst/Tokenizer$TokenizerState done
Event: 4.676 Loading class ch/qos/logback/core/subst/Token
Event: 4.676 Loading class ch/qos/logback/core/subst/Token done
Event: 4.676 Loading class ch/qos/logback/core/subst/Token$Type
Event: 4.676 Loading class ch/qos/logback/core/subst/Token$Type done
Event: 4.676 Loading class ch/qos/logback/core/subst/Parser
Event: 4.676 Loading class ch/qos/logback/core/subst/Parser done
Event: 4.677 Loading class ch/qos/logback/core/subst/Parser$1
Event: 4.677 Loading class ch/qos/logback/core/subst/Parser$1 done
Event: 4.677 Loading class ch/qos/logback/core/subst/Node
Event: 4.677 Loading class ch/qos/logback/core/subst/Node done
Event: 4.678 Loading class ch/qos/logback/core/subst/Node$Type
Event: 4.678 Loading class ch/qos/logback/core/subst/Node$Type done
Event: 4.679 Loading class ch/qos/logback/core/subst/NodeToStringTransformer$1
Event: 4.679 Loading class ch/qos/logback/core/subst/NodeToStringTransformer$1 done
Event: 4.680 Loading class sun/invoke/util/ValueConversions$1
Event: 4.680 Loading class sun/invoke/util/ValueConversions$1 done
Event: 4.681 Loading class java/lang/invoke/BoundMethodHandle$Species_LI
Event: 4.681 Loading class java/lang/invoke/BoundMethodHandle$Species_LI done

Classes unloaded (0 events):
No events

Classes redefined (0 events):
No events

Internal exceptions (16 events):
Event: 1.303 Thread 0x00000236845506b0 Exception <a 'java/lang/NoSuchMethodError'{0x0000000089cd2e58}: 'void java.lang.invoke.DirectMethodHandle$Holder.invokeStatic(java.lang.Object, java.lang.Object, java.lang.Object)'> (0x0000000089cd2e58) 
thrown [s\open\src\hotspot\share\interpreter\linkResolver.cpp, line 774]
Event: 1.313 Thread 0x00000236845506b0 Exception <a 'java/lang/NoSuchMethodError'{0x0000000089b0eb28}: 'java.lang.Object java.lang.invoke.Invokers$Holder.invokeExact_MT(java.lang.Object, java.lang.Object, java.lang.Object, java.lang.Object, java.lang.Object)'> (0x0000000089b0eb28) 
thrown [s\open\src\hotspot\share\interpreter\linkResolver.cpp, line 774]
Event: 3.347 Thread 0x00000236845506b0 Exception <a 'java/io/FileNotFoundException'{0x00000000897269e8}> (0x00000000897269e8) 
thrown [s\open\src\hotspot\share\prims\jni.cpp, line 520]
Event: 4.312 Thread 0x00000236845506b0 Exception <a 'java/lang/ClassNotFoundException'{0x0000000089933d68}: javax/smartcardio/CardPermission> (0x0000000089933d68) 
thrown [s\open\src\hotspot\share\classfile\systemDictionary.cpp, line 313]
Event: 4.329 Thread 0x00000236845506b0 Exception <a 'java/io/FileNotFoundException'{0x0000000089943f08}> (0x0000000089943f08) 
thrown [s\open\src\hotspot\share\prims\jni.cpp, line 520]
Event: 4.376 Thread 0x00000236845506b0 Exception <a 'java/lang/NoSuchMethodError'{0x0000000089d01bb0}: 'java.lang.Object java.lang.invoke.DirectMethodHandle$Holder.invokeSpecial(java.lang.Object, java.lang.Object, java.lang.Object, long, java.lang.Object)'> (0x0000000089d01bb0) 
thrown [s\open\src\hotspot\share\interpreter\linkResolver.cpp, line 774]
Event: 4.377 Thread 0x00000236845506b0 Exception <a 'java/lang/NoSuchMethodError'{0x0000000089d05510}: 'java.lang.Object java.lang.invoke.Invokers$Holder.linkToTargetMethod(java.lang.Object, long, java.lang.Object, java.lang.Object)'> (0x0000000089d05510) 
thrown [s\open\src\hotspot\share\interpreter\linkResolver.cpp, line 774]
Event: 4.454 Thread 0x00000236845506b0 Exception <a 'java/lang/NoSuchMethodError'{0x0000000089dfbeb0}: 'java.lang.Object java.lang.invoke.DirectMethodHandle$Holder.invokeInterface(java.lang.Object, java.lang.Object)'> (0x0000000089dfbeb0) 
thrown [s\open\src\hotspot\share\interpreter\linkResolver.cpp, line 774]
Event: 4.594 Thread 0x00000236845506b0 Exception <a 'java/lang/NoSuchMethodError'{0x0000000089a54f58}: 'void java.lang.invoke.DirectMethodHandle$Holder.invokeSpecialIFC(java.lang.Object, java.lang.Object, java.lang.Object, java.lang.Object, java.lang.Object)'> (0x0000000089a54f58) 
thrown [s\open\src\hotspot\share\interpreter\linkResolver.cpp, line 774]
Event: 4.596 Thread 0x00000236845506b0 Exception <a 'java/lang/NoSuchMethodError'{0x0000000089a5d128}: 'void java.lang.invoke.DirectMethodHandle$Holder.invokeStatic(java.lang.Object, java.lang.Object, java.lang.Object, java.lang.Object)'> (0x0000000089a5d128) 
thrown [s\open\src\hotspot\share\interpreter\linkResolver.cpp, line 774]
Event: 4.597 Thread 0x00000236845506b0 Exception <a 'java/lang/NoSuchMethodError'{0x0000000089a66138}: 'int java.lang.invoke.DirectMethodHandle$Holder.invokeSpecial(java.lang.Object, java.lang.Object, java.lang.Object)'> (0x0000000089a66138) 
thrown [s\open\src\hotspot\share\interpreter\linkResolver.cpp, line 774]
Event: 4.625 Thread 0x00000236845506b0 Exception <a 'java/lang/NoSuchMethodError'{0x000000008993cf28}: 'java.lang.Object java.lang.invoke.DirectMethodHandle$Holder.invokeStaticInit(java.lang.Object, java.lang.Object, java.lang.Object)'> (0x000000008993cf28) 
thrown [s\open\src\hotspot\share\interpreter\linkResolver.cpp, line 774]
Event: 4.679 Thread 0x00000236845506b0 Exception <a 'java/lang/NoSuchMethodError'{0x00000000897a7790}: 'void java.lang.invoke.DirectMethodHandle$Holder.invokeVirtual(java.lang.Object, java.lang.Object, int)'> (0x00000000897a7790) 
thrown [s\open\src\hotspot\share\interpreter\linkResolver.cpp, line 774]
Event: 4.680 Thread 0x00000236845506b0 Exception <a 'java/lang/NoSuchMethodError'{0x00000000897ac838}: 'int java.lang.invoke.DirectMethodHandle$Holder.invokeSpecial(java.lang.Object, java.lang.Object, java.lang.Object, int)'> (0x00000000897ac838) 
thrown [s\open\src\hotspot\share\interpreter\linkResolver.cpp, line 774]
Event: 4.682 Thread 0x00000236845506b0 Exception <a 'java/lang/NoSuchMethodError'{0x00000000897c1650}: 'java.lang.Object java.lang.invoke.DirectMethodHandle$Holder.invokeStatic(java.lang.Object, java.lang.Object, java.lang.Object, java.lang.Object, int)'> (0x00000000897c1650) 
thrown [s\open\src\hotspot\share\interpreter\linkResolver.cpp, line 774]
Event: 4.685 Thread 0x00000236845506b0 Exception <a 'java/lang/NoSuchMethodError'{0x00000000897cc8d0}: 'void java.lang.invoke.DelegatingMethodHandle$Holder.reinvoke_L(java.lang.Object, java.lang.Object, int)'> (0x00000000897cc8d0) 
thrown [s\open\src\hotspot\share\interpreter\linkResolver.cpp, line 774]

ZGC Phase Switch (0 events):
No events

VM Operations (14 events):
Event: 1.005 Executing VM operation: HandshakeAllThreads (Deoptimize)
Event: 1.005 Executing VM operation: HandshakeAllThreads (Deoptimize) done
Event: 1.282 Executing VM operation: ChangeBreakpoints
Event: 1.283 Executing VM operation: ChangeBreakpoints done
Event: 1.283 Executing VM operation: ChangeBreakpoints
Event: 1.283 Executing VM operation: ChangeBreakpoints done
Event: 3.283 Executing VM operation: Cleanup
Event: 3.283 Executing VM operation: Cleanup done
Event: 3.762 Executing VM operation: G1CollectForAllocation (G1 Evacuation Pause)
Event: 3.767 Executing VM operation: G1CollectForAllocation (G1 Evacuation Pause) done
Event: 4.217 Executing VM operation: HandshakeAllThreads (Deoptimize)
Event: 4.217 Executing VM operation: HandshakeAllThreads (Deoptimize) done
Event: 4.372 Executing VM operation: G1CollectForAllocation (G1 Evacuation Pause)
Event: 4.375 Executing VM operation: G1CollectForAllocation (G1 Evacuation Pause) done

Events (14 events):
Event: 0.941 Thread 0x00000236845506b0 Thread added: 0x00000236845506b0
Event: 0.951 Thread 0x00000236a22174f0 Thread added: 0x00000236a22174f0
Event: 0.952 Thread 0x00000236a22185c0 Thread added: 0x00000236a22185c0
Event: 0.952 Thread 0x00000236a2222450 Thread added: 0x00000236a2222450
Event: 0.952 Thread 0x00000236a222d680 Thread added: 0x00000236a222d680
Event: 0.952 Thread 0x00000236a222bc40 Thread added: 0x00000236a222bc40
Event: 0.952 Thread 0x00000236a222b5b0 Thread added: 0x00000236a222b5b0
Event: 0.952 Thread 0x00000236a2231660 Thread added: 0x00000236a2231660
Event: 0.952 Thread 0x00000236a2232470 Thread added: 0x00000236a2232470
Event: 0.997 Thread 0x00000236a222c2d0 Thread added: 0x00000236a222c2d0
Event: 1.179 Thread 0x00000236a242e570 Thread added: 0x00000236a242e570
Event: 1.180 Thread 0x00000236a246df50 Thread added: 0x00000236a246df50
Event: 1.181 Thread 0x00000236a2478570 Thread added: 0x00000236a2478570
Event: 1.333 Thread 0x00000236a222dd10 Thread added: 0x00000236a222dd10


Dynamic libraries:
0x00007ff6e56f0000 - 0x00007ff6e56fe000 	D:\Java\openjdk-22_windows-x64_bin\jdk-22\bin\java.exe
0x00007fffaa390000 - 0x00007fffaa561000 	C:\Windows\SYSTEM32\ntdll.dll
0x00007fffa7c30000 - 0x00007fffa7cdb000 	C:\Windows\System32\KERNEL32.DLL
0x00007fffa7530000 - 0x00007fffa774d000 	C:\Windows\System32\KERNELBASE.dll
0x00007fffa6940000 - 0x00007fffa6a35000 	C:\Windows\System32\ucrtbase.dll
0x00007fff98080000 - 0x00007fff98097000 	D:\Java\openjdk-22_windows-x64_bin\jdk-22\bin\jli.dll
0x00007fff98060000 - 0x00007fff9807b000 	D:\Java\openjdk-22_windows-x64_bin\jdk-22\bin\VCRUNTIME140.dll
0x00007fffaa220000 - 0x00007fffaa385000 	C:\Windows\System32\USER32.dll
0x00007fffa73b0000 - 0x00007fffa73ce000 	C:\Windows\System32\win32u.dll
0x00007fffaa1e0000 - 0x00007fffaa214000 	C:\Windows\System32\GDI32.dll
0x00007fffa7120000 - 0x00007fffa72a2000 	C:\Windows\System32\gdi32full.dll
0x00007fff9f380000 - 0x00007fff9f5fa000 	C:\Windows\WinSxS\amd64_microsoft.windows.common-controls_6595b64144ccf1df_6.0.14393.351_none_4213128bc687e6d3\COMCTL32.dll
0x00007fffaa140000 - 0x00007fffaa1de000 	C:\Windows\System32\msvcrt.dll
0x00007fffa7960000 - 0x00007fffa7c27000 	C:\Windows\System32\combase.dll
0x00007fffa9f30000 - 0x00007fffaa051000 	C:\Windows\System32\RPCRT4.dll
0x00007fffa68d0000 - 0x00007fffa693a000 	C:\Windows\System32\bcryptPrimitives.dll
0x00007fffa7920000 - 0x00007fffa794e000 	C:\Windows\System32\IMM32.DLL
0x00007fff9d9d0000 - 0x00007fff9d9dc000 	D:\Java\openjdk-22_windows-x64_bin\jdk-22\bin\vcruntime140_1.dll
0x00007fff967a0000 - 0x00007fff9682e000 	D:\Java\openjdk-22_windows-x64_bin\jdk-22\bin\msvcp140.dll
0x00007fff7ecf0000 - 0x00007fff7fa38000 	D:\Java\openjdk-22_windows-x64_bin\jdk-22\bin\server\jvm.dll
0x00007fffa8080000 - 0x00007fffa8122000 	C:\Windows\System32\ADVAPI32.dll
0x00007fffa7d40000 - 0x00007fffa7d99000 	C:\Windows\System32\sechost.dll
0x00007fffa6830000 - 0x00007fffa687c000 	C:\Windows\System32\POWRPROF.dll
0x00007fffa7f70000 - 0x00007fffa7fda000 	C:\Windows\System32\WS2_32.dll
0x00007fffa4950000 - 0x00007fffa4973000 	C:\Windows\SYSTEM32\WINMM.dll
0x00007fffa11e0000 - 0x00007fffa11ea000 	C:\Windows\SYSTEM32\VERSION.dll
0x00007fffa48f0000 - 0x00007fffa491b000 	C:\Windows\SYSTEM32\WINMMBASE.dll
0x00007fffa6880000 - 0x00007fffa68c2000 	C:\Windows\System32\cfgmgr32.dll
0x00007fffa6810000 - 0x00007fffa681f000 	C:\Windows\System32\kernel.appcore.dll
0x00007fff9d610000 - 0x00007fff9d61a000 	D:\Java\openjdk-22_windows-x64_bin\jdk-22\bin\jimage.dll
0x00007fff9ef60000 - 0x00007fff9f0f2000 	C:\Windows\SYSTEM32\DBGHELP.DLL
0x00007fff9f890000 - 0x00007fff9f8b9000 	C:\Windows\SYSTEM32\dbgcore.DLL
0x00007fff9f190000 - 0x00007fff9f1cc000 	D:\Java\openjdk-22_windows-x64_bin\jdk-22\bin\jdwp.dll
0x00007fff9f950000 - 0x00007fff9f95f000 	D:\Java\openjdk-22_windows-x64_bin\jdk-22\bin\instrument.dll
0x00007fff96b30000 - 0x00007fff96b4e000 	D:\Java\openjdk-22_windows-x64_bin\jdk-22\bin\java.dll
0x00007fffa86a0000 - 0x00007fffa9ba9000 	C:\Windows\System32\SHELL32.dll
0x00007fffa6a40000 - 0x00007fffa711a000 	C:\Windows\System32\windows.storage.dll
0x00007fffaa060000 - 0x00007fffaa0b2000 	C:\Windows\System32\shlwapi.dll
0x00007fffa7480000 - 0x00007fffa7529000 	C:\Windows\System32\shcore.dll
0x00007fffa67f0000 - 0x00007fffa6804000 	C:\Windows\System32\profapi.dll
0x00007fffa8130000 - 0x00007fffa8267000 	C:\Windows\System32\ole32.dll
0x00007fff96b10000 - 0x00007fff96b27000 	D:\Java\openjdk-22_windows-x64_bin\jdk-22\bin\zip.dll
0x00007fff966c0000 - 0x00007fff96797000 	D:\Java\openjdk-22_windows-x64_bin\jdk-22\bin\jsvml.dll
0x00007fff9f940000 - 0x00007fff9f94c000 	D:\Java\openjdk-22_windows-x64_bin\jdk-22\bin\dt_socket.dll
0x00007fffa5a40000 - 0x00007fffa5a78000 	C:\Windows\SYSTEM32\IPHLPAPI.DLL
0x00007fffa5db0000 - 0x00007fffa5e0c000 	C:\Windows\system32\mswsock.dll
0x00007fff99d90000 - 0x00007fff99da0000 	D:\Java\openjdk-22_windows-x64_bin\jdk-22\bin\net.dll
0x00007fff964a0000 - 0x00007fff964b6000 	D:\Java\openjdk-22_windows-x64_bin\jdk-22\bin\nio.dll
0x00007fff97960000 - 0x00007fff97970000 	D:\Java\openjdk-22_windows-x64_bin\jdk-22\bin\verify.dll

dbghelp: loaded successfully - version: 4.0.5 - missing functions: none
symbol engine: initialized successfully - sym options: 0x614 - pdb path: .;D:\Java\openjdk-22_windows-x64_bin\jdk-22\bin;C:\Windows\SYSTEM32;C:\Windows\WinSxS\amd64_microsoft.windows.common-controls_6595b64144ccf1df_6.0.14393.351_none_4213128bc687e6d3;D:\Java\openjdk-22_windows-x64_bin\jdk-22\bin\server

VM Arguments:
jvm_args: -agentlib:jdwp=transport=dt_socket,address=127.0.0.1:60294,suspend=y,server=n -ea -Dfile.encoding=UTF-8 -Didea.test.cyclic.buffer.size=1048576 -javaagent:D:\profiles\User\AppData\Local\JetBrains\IntelliJIdea2023.3\captureAgent\debugger-agent.jar -Dsun.stdout.encoding=UTF-8 -Dsun.stderr.encoding=UTF-8 
java_command: com.intellij.rt.junit.JUnitStarter -ideVersion5 -junit4 ru.javawebinar.topjava.service.jdbc.JdbcUserServiceTest,getByEmail
java_class_path (initial): D:\profiles\User\AppData\Local\JetBrains\IntelliJ IDEA 2023.3.6\lib\idea_rt.jar;D:\profiles\User\AppData\Local\JetBrains\IntelliJ IDEA 2023.3.6\plugins\junit\lib\junit5-rt.jar;D:\profiles\User\AppData\Local\JetBrains\IntelliJ IDEA 2023.3.6\plugins\junit\lib\junit-rt.jar;D:\Java\TopJava\topjava\target\test-classes;D:\Java\TopJava\topjava\target\classes;D:\profiles\User\.m2\repository\org\slf4j\slf4j-api\2.0.12\slf4j-api-2.0.12.jar;D:\profiles\User\.m2\repository\ch\qos\logback\logback-classic\1.5.3\logback-classic-1.5.3.jar;D:\profiles\User\.m2\repository\ch\qos\logback\logback-core\1.5.3\logback-core-1.5.3.jar;D:\profiles\User\.m2\repository\javax\annotation\javax.annotation-api\1.3.2\javax.annotation-api-1.3.2.jar;D:\profiles\User\.m2\repository\org\springframework\spring-context-support\5.3.32\spring-context-support-5.3.32.jar;D:\profiles\User\.m2\repository\org\springframework\spring-beans\5.3.32\spring-beans-5.3.32.jar;D:\profiles\User\.m2\repository\org\springframework\spring-context\5.3.32\spring-context-5.3.32.jar;D:\profiles\User\.m2\repository\org\springframework\spring-core\5.3.32\spring-core-5.3.32.jar;D:\profiles\User\.m2\repository\org\springframework\spring-jcl\5.3.32\spring-jcl-5.3.32.jar;D:\profiles\User\.m2\repository\org\springframework\data\spring-data-jpa\2.7.18\spring-data-jpa-2.7.18.jar;D:\profiles\User\.m2\repository\org\springframework\data\spring-data-commons\2.7.18\spring-data-commons-2.7.18.jar;D:\profiles\User\.m2\repository\org\springframework\spring-orm\5.3.32\spring-orm-5.3.32.jar;D:\profiles\User\.m2\repository\org\springframework\spring-jdbc\5.3.32\spring-jdbc-5.3.32.jar;D:\profiles\User\.m2\repository\org\springframework\spring-aop\5.3.32\spring-aop-5.3.32.jar;D:\profiles\User\.m2\repository\org\springframework\spring-tx\5.3.32\spring-tx-5.3.32.jar;D:\profiles\User\.m2\repository\org\hibernate\hibernate-core\5.6.15.Final\hibernate-core-5.6.15.Final.jar;D:\profiles\User\.m2\repository\org\jboss\logging\jboss-logging\3.4.3.Final\jboss-logging-3.4.3.Final.jar;D:\profiles\User\.m2\repository\javax\persistence\javax.persistence-api\2.2\javax.persistence-api-2.2.jar;D:\profiles\User\.m2\repository\net\bytebuddy\byte-buddy\1.12.18\byte-buddy-1.12.18.jar;D:\profiles\User\.m2\repository\antlr\antlr\2.7.7\antlr-2.7.7.jar;D:\profiles\User\.m2\repository\org\jboss\spec\javax\transaction\jboss-transaction-api_1.2_spec\1.1.1.Final\jboss-transaction-api_1.2_spec-1.1.1.Final.jar;D:\profiles\User\.m2\repository\org\jboss\jandex\2.4.2.Final\jandex-2.4.2.Final.jar;D:\profiles\User\.m2\repository\com\fasterxml\classmate\1.5.1\classmate-1.5.1.jar;D:\profiles\User\.m2\repository\javax\activation\javax.activation-api\1.2.0\javax.activation-api-1.2.0.jar;D:\profiles\User\.m2\repository\org\hibernate\common\hibernate-commons-annotations\5.1.2.Final\hibernate-commons-annotations-5.1.2.Final.jar;D:\profiles\User\.m2\repository\javax\xml\bind\jaxb-api\2.3.1\jaxb-api-2.3.1.jar;D:\profiles\User\.m2\repository\org\hibernate\validator\hibernate-validator\6.2.5.Final\hibernate-validator-6.2.5.Final.jar;D:\profiles\User\.m2\repository\jakarta\validation\jakarta.validation-api\2.0.2\jakarta.validation-api-2.0.2.jar;D:\profiles\User\.m2\repository\org\hibernate\hibernate-jcache\5.6.15.Final\hibernate-jcache-5.6.15.Final.jar;D:\profiles\User\.m2\repository\javax\validation\validation-api\2.0.1.Final\validation-api-2.0.1.Final.jar;D:\profiles\User\.m2\repository\org\glassfish\javax.el\3.0.1-b12\javax.el-3.0.1-b12.jar;D:\profiles\User\.m2\repository\javax\cache\cache-api\1.1.0\cache-api-1.1.0.jar;D:\profiles\User\.m2\repository\org\ehcache\ehcache\3.10.8\ehcache-3.10.8.jar;D:\profiles\User\.m2\repository\org\glassfish\jaxb\jaxb-runtime\2.4.0-b180830.0438\jaxb-runtime-2.4.0-b180830.0438.jar;D:\profiles\User\.m2\repository\org\glassfish\jaxb\txw2\2.4.0-b180830.0438\txw2-2.4.0-b180830.0438.jar;D:\profiles\User\.m2\repository\com\sun\istack\istack-commons-runtime\3.0.7\istack-commons-runtime-3.0.7.jar;D:\profiles\User\.m2\repository\org\jvnet\staxex\stax-ex\1.8\stax-ex-1.8.jar;D:\profiles\User\.m2\repository\com\sun\xml\fastinfoset\FastInfoset\1.2.15\FastInfoset-1.2.15.jar;D:\profiles\User\.m2\repository\org\apache\tomcat\tomcat-servlet-api\9.0.86\tomcat-servlet-api-9.0.86.jar;D:\profiles\User\.m2\repository\javax\servlet\jstl\1.2\jstl-1.2.jar;D:\profiles\User\.m2\repository\org\springframework\spring-webmvc\5.3.32\spring-webmvc-5.3.32.jar;D:\profiles\User\.m2\repository\org\springframework\spring-expression\5.3.32\spring-expression-5.3.32.jar;D:\profiles\User\.m2\repository\org\springframework\spring-web\5.3.32\spring-web-5.3.32.jar;D:\profiles\User\.m2\repository\junit\junit\4.13.2\junit-4.13.2.jar;D:\profiles\User\.m2\repository\org\hamcrest\hamcrest-core\1.3\hamcrest-core-1.3.jar;D:\profiles\User\.m2\repository\org\springframework\spring-test\5.3.32\spring-test-5.3.32.jar;D:\profiles\User\.m2\repository\org\assertj\assertj-core\3.25.3\assertj-core-3.25.3.jar;D:\profiles\User\.m2\repository\org\postgresql\postgresql\42.7.1\postgresql-42.7.1.jar;D:\profiles\User\.m2\repository\org\checkerframework\checker-qual\3.41.0\checker-qual-3.41.0.jar;D:\profiles\User\.m2\repository\org\apache\tomcat\tomcat-jdbc\9.0.86\tomcat-jdbc-9.0.86.jar;D:\profiles\User\.m2\repository\org\apache\tomcat\tomcat-juli\9.0.86\tomcat-juli-9.0.86.jar;D:\profiles\User\.m2\repository\org\slf4j\jul-to-slf4j\2.0.12\jul-to-slf4j-2.0.12.jar
Launcher Type: SUN_STANDARD

[Global flags]
     intx CICompilerCount                          = 2                                         {product} {ergonomic}
     uint ConcGCThreads                            = 1                                         {product} {ergonomic}
     uint G1ConcRefinementThreads                  = 2                                         {product} {ergonomic}
   size_t G1HeapRegionSize                         = 1048576                                   {product} {ergonomic}
   size_t InitialHeapSize                          = 132120576                                 {product} {ergonomic}
   size_t MarkStackSize                            = 4194304                                   {product} {ergonomic}
   size_t MaxHeapSize                              = 2113929216                                {product} {ergonomic}
   size_t MaxNewSize                               = 1267728384                                {product} {ergonomic}
   size_t MinHeapDeltaBytes                        = 1048576                                   {product} {ergonomic}
   size_t MinHeapSize                              = 8388608                                   {product} {ergonomic}
    uintx NonNMethodCodeHeapSize                   = 5826188                                {pd product} {ergonomic}
    uintx NonProfiledCodeHeapSize                  = 122916026                              {pd product} {ergonomic}
     bool PerfDisableSharedMem                     = true                                      {product} {ergonomic}
    uintx ProfiledCodeHeapSize                     = 122916026                              {pd product} {ergonomic}
    uintx ReservedCodeCacheSize                    = 251658240                              {pd product} {ergonomic}
     bool SegmentedCodeCache                       = true                                      {product} {ergonomic}
   size_t SoftMaxHeapSize                          = 2113929216                             {manageable} {ergonomic}
     bool UseCompressedOops                        = true                           {product lp64_product} {ergonomic}
     bool UseG1GC                                  = true                                      {product} {ergonomic}
     bool UseLargePagesIndividualAllocation        = false                                  {pd product} {ergonomic}

Logging:
Log output configuration:
 #0: stdout all=warning uptime,level,tags foldmultilines=false
 #1: stderr all=off uptime,level,tags foldmultilines=false

Environment Variables:
PATH=C:\ProgramData\Oracle\Java\javapath;C:\Windows\system32;C:\Windows;C:\Windows\System32\Wbem;C:\Windows\System32\WindowsPowerShell\v1.0\;D:\profiles\User\AppData\Local\Microsoft\WindowsApps;D:\profiles\User\AppData\Local\Programs\Git\cmd
USERNAME=User113
OS=Windows_NT
PROCESSOR_IDENTIFIER=Intel64 Family 6 Model 60 Stepping 3, GenuineIntel
TMP=J:\temp
TEMP=J:\temp




Periodic native trim disabled

---------------  S Y S T E M  ---------------

OS:
 Windows 10 , 64 bit Build 14393 (10.0.14393.0)
OS uptime: 0 days 8:07 hours

CPU: total 2 (initial active 2) (2 cores per cpu, 1 threads per core) family 6 model 60 stepping 3 microcode 0x1e, cx8, cmov, fxsr, mmx, sse, sse2, sse3, ssse3, sse4.1, sse4.2, popcnt, lzcnt, tsc, tscinvbit, erms, clmul, clflush, rdtscp
Processor Information for all 2 processors :
  Max Mhz: 3201, Current Mhz: 3201, Mhz Limit: 3201

Memory: 4k page, system-wide physical 8063M (41M free)
TotalPageFile size 12159M (AvailPageFile size 3M)
current process WorkingSet (physical memory assigned to process): 65M, peak: 65M
current process commit charge ("private bytes"): 210M, peak: 210M

vm_info: OpenJDK 64-Bit Server VM (22+36-2370) for windows-amd64 JRE (22+36-2370), built on 2024-02-15T22:15:19Z by "mach5one" with MS VC++ 17.6 (VS2022)

END.
